{
  "/Users/stasradyshgmail.com/Desktop/file-sharing-frontend/src/shared/lib/utils.ts": {
    "path": "/Users/stasradyshgmail.com/Desktop/file-sharing-frontend/src/shared/lib/utils.ts",
    "all": false,
    "statementMap": {
      "0": {
        "start": { "line": 1, "column": 0 },
        "end": { "line": 1, "column": 45 }
      },
      "1": {
        "start": { "line": 2, "column": 0 },
        "end": { "line": 2, "column": 41 }
      },
      "2": {
        "start": { "line": 3, "column": 0 },
        "end": { "line": 3, "column": 0 }
      },
      "3": {
        "start": { "line": 4, "column": 0 },
        "end": { "line": 4, "column": 45 }
      },
      "4": {
        "start": { "line": 5, "column": 0 },
        "end": { "line": 5, "column": 31 }
      },
      "5": {
        "start": { "line": 6, "column": 0 },
        "end": { "line": 6, "column": 1 }
      }
    },
    "s": { "0": 3, "1": 3, "2": 3, "3": 3, "4": 3, "5": 3 },
    "branchMap": {
      "0": {
        "type": "branch",
        "line": 1,
        "loc": {
          "start": { "line": 1, "column": 0 },
          "end": { "line": 6, "column": 1 }
        },
        "locations": [
          {
            "start": { "line": 1, "column": 0 },
            "end": { "line": 6, "column": 1 }
          }
        ]
      },
      "1": {
        "type": "branch",
        "line": 1,
        "loc": {
          "start": { "line": 1, "column": 0 },
          "end": { "line": 6, "column": 1 }
        },
        "locations": [
          {
            "start": { "line": 1, "column": 0 },
            "end": { "line": 6, "column": 1 }
          }
        ]
      }
    },
    "b": { "0": [3], "1": [3] },
    "fnMap": {
      "0": {
        "name": "Object.<anonymous>",
        "decl": {
          "start": { "line": 1, "column": 0 },
          "end": { "line": 6, "column": 1 }
        },
        "loc": {
          "start": { "line": 1, "column": 0 },
          "end": { "line": 6, "column": 1 }
        },
        "line": 1
      }
    },
    "f": { "0": 3 }
  },
  "/Users/stasradyshgmail.com/Desktop/file-sharing-frontend/src/shared/ui/index.ts": {
    "path": "/Users/stasradyshgmail.com/Desktop/file-sharing-frontend/src/shared/ui/index.ts",
    "all": false,
    "statementMap": {
      "0": {
        "start": { "line": 1, "column": 0 },
        "end": { "line": 1, "column": 25 }
      },
      "1": {
        "start": { "line": 2, "column": 0 },
        "end": { "line": 2, "column": 25 }
      },
      "2": {
        "start": { "line": 3, "column": 0 },
        "end": { "line": 3, "column": 27 }
      },
      "3": {
        "start": { "line": 4, "column": 0 },
        "end": { "line": 4, "column": 24 }
      },
      "4": {
        "start": { "line": 5, "column": 0 },
        "end": { "line": 5, "column": 28 }
      },
      "5": {
        "start": { "line": 6, "column": 0 },
        "end": { "line": 6, "column": 27 }
      },
      "6": {
        "start": { "line": 7, "column": 0 },
        "end": { "line": 7, "column": 24 }
      },
      "7": {
        "start": { "line": 8, "column": 0 },
        "end": { "line": 8, "column": 25 }
      },
      "8": {
        "start": { "line": 9, "column": 0 },
        "end": { "line": 9, "column": 25 }
      }
    },
    "s": {
      "0": 5,
      "1": 0,
      "2": 0,
      "3": 0,
      "4": 0,
      "5": 0,
      "6": 0,
      "7": 0,
      "8": 0
    },
    "branchMap": {
      "0": {
        "type": "branch",
        "line": 1,
        "loc": {
          "start": { "line": 1, "column": 0 },
          "end": { "line": 1, "column": 25 }
        },
        "locations": [
          {
            "start": { "line": 1, "column": 0 },
            "end": { "line": 1, "column": 25 }
          }
        ]
      },
      "1": {
        "type": "branch",
        "line": 1,
        "loc": {
          "start": { "line": 1, "column": 0 },
          "end": { "line": 1, "column": 25 }
        },
        "locations": [
          {
            "start": { "line": 1, "column": 0 },
            "end": { "line": 1, "column": 25 }
          }
        ]
      },
      "2": {
        "type": "branch",
        "line": 1,
        "loc": {
          "start": { "line": 1, "column": 0 },
          "end": { "line": 1, "column": 25 }
        },
        "locations": [
          {
            "start": { "line": 1, "column": 0 },
            "end": { "line": 1, "column": 25 }
          }
        ]
      },
      "3": {
        "type": "branch",
        "line": 1,
        "loc": {
          "start": { "line": 1, "column": 0 },
          "end": { "line": 1, "column": 25 }
        },
        "locations": [
          {
            "start": { "line": 1, "column": 0 },
            "end": { "line": 1, "column": 25 }
          }
        ]
      },
      "4": {
        "type": "branch",
        "line": 1,
        "loc": {
          "start": { "line": 1, "column": 0 },
          "end": { "line": 1, "column": 25 }
        },
        "locations": [
          {
            "start": { "line": 1, "column": 0 },
            "end": { "line": 1, "column": 25 }
          }
        ]
      },
      "5": {
        "type": "branch",
        "line": 2,
        "loc": {
          "start": { "line": 2, "column": 0 },
          "end": { "line": 2, "column": 25 }
        },
        "locations": [
          {
            "start": { "line": 2, "column": 0 },
            "end": { "line": 2, "column": 25 }
          }
        ]
      },
      "6": {
        "type": "branch",
        "line": 2,
        "loc": {
          "start": { "line": 2, "column": 0 },
          "end": { "line": 2, "column": 25 }
        },
        "locations": [
          {
            "start": { "line": 2, "column": 0 },
            "end": { "line": 2, "column": 25 }
          }
        ]
      },
      "7": {
        "type": "branch",
        "line": 2,
        "loc": {
          "start": { "line": 2, "column": 0 },
          "end": { "line": 2, "column": 25 }
        },
        "locations": [
          {
            "start": { "line": 2, "column": 0 },
            "end": { "line": 2, "column": 25 }
          }
        ]
      },
      "8": {
        "type": "branch",
        "line": 2,
        "loc": {
          "start": { "line": 2, "column": 0 },
          "end": { "line": 2, "column": 25 }
        },
        "locations": [
          {
            "start": { "line": 2, "column": 0 },
            "end": { "line": 2, "column": 25 }
          }
        ]
      },
      "9": {
        "type": "branch",
        "line": 3,
        "loc": {
          "start": { "line": 3, "column": 0 },
          "end": { "line": 3, "column": 27 }
        },
        "locations": [
          {
            "start": { "line": 3, "column": 0 },
            "end": { "line": 3, "column": 27 }
          }
        ]
      },
      "10": {
        "type": "branch",
        "line": 3,
        "loc": {
          "start": { "line": 3, "column": 0 },
          "end": { "line": 3, "column": 27 }
        },
        "locations": [
          {
            "start": { "line": 3, "column": 0 },
            "end": { "line": 3, "column": 27 }
          }
        ]
      },
      "11": {
        "type": "branch",
        "line": 3,
        "loc": {
          "start": { "line": 3, "column": 0 },
          "end": { "line": 3, "column": 27 }
        },
        "locations": [
          {
            "start": { "line": 3, "column": 0 },
            "end": { "line": 3, "column": 27 }
          }
        ]
      },
      "12": {
        "type": "branch",
        "line": 3,
        "loc": {
          "start": { "line": 3, "column": 0 },
          "end": { "line": 3, "column": 27 }
        },
        "locations": [
          {
            "start": { "line": 3, "column": 0 },
            "end": { "line": 3, "column": 27 }
          }
        ]
      },
      "13": {
        "type": "branch",
        "line": 4,
        "loc": {
          "start": { "line": 4, "column": 0 },
          "end": { "line": 4, "column": 24 }
        },
        "locations": [
          {
            "start": { "line": 4, "column": 0 },
            "end": { "line": 4, "column": 24 }
          }
        ]
      },
      "14": {
        "type": "branch",
        "line": 4,
        "loc": {
          "start": { "line": 4, "column": 0 },
          "end": { "line": 4, "column": 24 }
        },
        "locations": [
          {
            "start": { "line": 4, "column": 0 },
            "end": { "line": 4, "column": 24 }
          }
        ]
      },
      "15": {
        "type": "branch",
        "line": 4,
        "loc": {
          "start": { "line": 4, "column": 0 },
          "end": { "line": 4, "column": 24 }
        },
        "locations": [
          {
            "start": { "line": 4, "column": 0 },
            "end": { "line": 4, "column": 24 }
          }
        ]
      },
      "16": {
        "type": "branch",
        "line": 4,
        "loc": {
          "start": { "line": 4, "column": 0 },
          "end": { "line": 4, "column": 24 }
        },
        "locations": [
          {
            "start": { "line": 4, "column": 0 },
            "end": { "line": 4, "column": 24 }
          }
        ]
      },
      "17": {
        "type": "branch",
        "line": 5,
        "loc": {
          "start": { "line": 5, "column": 0 },
          "end": { "line": 5, "column": 28 }
        },
        "locations": [
          {
            "start": { "line": 5, "column": 0 },
            "end": { "line": 5, "column": 28 }
          }
        ]
      },
      "18": {
        "type": "branch",
        "line": 5,
        "loc": {
          "start": { "line": 5, "column": 0 },
          "end": { "line": 5, "column": 28 }
        },
        "locations": [
          {
            "start": { "line": 5, "column": 0 },
            "end": { "line": 5, "column": 28 }
          }
        ]
      },
      "19": {
        "type": "branch",
        "line": 5,
        "loc": {
          "start": { "line": 5, "column": 0 },
          "end": { "line": 5, "column": 28 }
        },
        "locations": [
          {
            "start": { "line": 5, "column": 0 },
            "end": { "line": 5, "column": 28 }
          }
        ]
      },
      "20": {
        "type": "branch",
        "line": 5,
        "loc": {
          "start": { "line": 5, "column": 0 },
          "end": { "line": 5, "column": 28 }
        },
        "locations": [
          {
            "start": { "line": 5, "column": 0 },
            "end": { "line": 5, "column": 28 }
          }
        ]
      },
      "21": {
        "type": "branch",
        "line": 6,
        "loc": {
          "start": { "line": 6, "column": 0 },
          "end": { "line": 6, "column": 27 }
        },
        "locations": [
          {
            "start": { "line": 6, "column": 0 },
            "end": { "line": 6, "column": 27 }
          }
        ]
      },
      "22": {
        "type": "branch",
        "line": 6,
        "loc": {
          "start": { "line": 6, "column": 0 },
          "end": { "line": 6, "column": 27 }
        },
        "locations": [
          {
            "start": { "line": 6, "column": 0 },
            "end": { "line": 6, "column": 27 }
          }
        ]
      },
      "23": {
        "type": "branch",
        "line": 6,
        "loc": {
          "start": { "line": 6, "column": 0 },
          "end": { "line": 6, "column": 27 }
        },
        "locations": [
          {
            "start": { "line": 6, "column": 0 },
            "end": { "line": 6, "column": 27 }
          }
        ]
      },
      "24": {
        "type": "branch",
        "line": 6,
        "loc": {
          "start": { "line": 6, "column": 0 },
          "end": { "line": 6, "column": 27 }
        },
        "locations": [
          {
            "start": { "line": 6, "column": 0 },
            "end": { "line": 6, "column": 27 }
          }
        ]
      },
      "25": {
        "type": "branch",
        "line": 7,
        "loc": {
          "start": { "line": 7, "column": 0 },
          "end": { "line": 7, "column": 24 }
        },
        "locations": [
          {
            "start": { "line": 7, "column": 0 },
            "end": { "line": 7, "column": 24 }
          }
        ]
      },
      "26": {
        "type": "branch",
        "line": 7,
        "loc": {
          "start": { "line": 7, "column": 0 },
          "end": { "line": 7, "column": 24 }
        },
        "locations": [
          {
            "start": { "line": 7, "column": 0 },
            "end": { "line": 7, "column": 24 }
          }
        ]
      },
      "27": {
        "type": "branch",
        "line": 7,
        "loc": {
          "start": { "line": 7, "column": 0 },
          "end": { "line": 7, "column": 24 }
        },
        "locations": [
          {
            "start": { "line": 7, "column": 0 },
            "end": { "line": 7, "column": 24 }
          }
        ]
      },
      "28": {
        "type": "branch",
        "line": 7,
        "loc": {
          "start": { "line": 7, "column": 0 },
          "end": { "line": 7, "column": 24 }
        },
        "locations": [
          {
            "start": { "line": 7, "column": 0 },
            "end": { "line": 7, "column": 24 }
          }
        ]
      },
      "29": {
        "type": "branch",
        "line": 8,
        "loc": {
          "start": { "line": 8, "column": 0 },
          "end": { "line": 8, "column": 25 }
        },
        "locations": [
          {
            "start": { "line": 8, "column": 0 },
            "end": { "line": 8, "column": 25 }
          }
        ]
      },
      "30": {
        "type": "branch",
        "line": 8,
        "loc": {
          "start": { "line": 8, "column": 0 },
          "end": { "line": 8, "column": 25 }
        },
        "locations": [
          {
            "start": { "line": 8, "column": 0 },
            "end": { "line": 8, "column": 25 }
          }
        ]
      },
      "31": {
        "type": "branch",
        "line": 8,
        "loc": {
          "start": { "line": 8, "column": 0 },
          "end": { "line": 8, "column": 25 }
        },
        "locations": [
          {
            "start": { "line": 8, "column": 0 },
            "end": { "line": 8, "column": 25 }
          }
        ]
      },
      "32": {
        "type": "branch",
        "line": 8,
        "loc": {
          "start": { "line": 8, "column": 0 },
          "end": { "line": 8, "column": 25 }
        },
        "locations": [
          {
            "start": { "line": 8, "column": 0 },
            "end": { "line": 8, "column": 25 }
          }
        ]
      },
      "33": {
        "type": "branch",
        "line": 9,
        "loc": {
          "start": { "line": 9, "column": 0 },
          "end": { "line": 9, "column": 25 }
        },
        "locations": [
          {
            "start": { "line": 9, "column": 0 },
            "end": { "line": 9, "column": 25 }
          }
        ]
      },
      "34": {
        "type": "branch",
        "line": 9,
        "loc": {
          "start": { "line": 9, "column": 0 },
          "end": { "line": 9, "column": 25 }
        },
        "locations": [
          {
            "start": { "line": 9, "column": 0 },
            "end": { "line": 9, "column": 25 }
          }
        ]
      },
      "35": {
        "type": "branch",
        "line": 9,
        "loc": {
          "start": { "line": 9, "column": 0 },
          "end": { "line": 9, "column": 25 }
        },
        "locations": [
          {
            "start": { "line": 9, "column": 0 },
            "end": { "line": 9, "column": 25 }
          }
        ]
      },
      "36": {
        "type": "branch",
        "line": 9,
        "loc": {
          "start": { "line": 9, "column": 0 },
          "end": { "line": 9, "column": 25 }
        },
        "locations": [
          {
            "start": { "line": 9, "column": 0 },
            "end": { "line": 9, "column": 25 }
          }
        ]
      }
    },
    "b": {
      "0": [4],
      "1": [0],
      "2": [0],
      "3": [0],
      "4": [5],
      "5": [20],
      "6": [0],
      "7": [0],
      "8": [0],
      "9": [2],
      "10": [0],
      "11": [0],
      "12": [0],
      "13": [2],
      "14": [0],
      "15": [0],
      "16": [0],
      "17": [8],
      "18": [0],
      "19": [0],
      "20": [0],
      "21": [2],
      "22": [0],
      "23": [0],
      "24": [0],
      "25": [2],
      "26": [0],
      "27": [0],
      "28": [0],
      "29": [2],
      "30": [0],
      "31": [0],
      "32": [0],
      "33": [2],
      "34": [0],
      "35": [0],
      "36": [0]
    },
    "fnMap": {
      "0": {
        "name": "get",
        "decl": {
          "start": { "line": 1, "column": 0 },
          "end": { "line": 1, "column": 25 }
        },
        "loc": {
          "start": { "line": 1, "column": 0 },
          "end": { "line": 1, "column": 25 }
        },
        "line": 1
      },
      "1": {
        "name": "get",
        "decl": {
          "start": { "line": 2, "column": 0 },
          "end": { "line": 2, "column": 25 }
        },
        "loc": {
          "start": { "line": 2, "column": 0 },
          "end": { "line": 2, "column": 25 }
        },
        "line": 2
      },
      "2": {
        "name": "get",
        "decl": {
          "start": { "line": 3, "column": 0 },
          "end": { "line": 3, "column": 27 }
        },
        "loc": {
          "start": { "line": 3, "column": 0 },
          "end": { "line": 3, "column": 27 }
        },
        "line": 3
      },
      "3": {
        "name": "get",
        "decl": {
          "start": { "line": 4, "column": 0 },
          "end": { "line": 4, "column": 24 }
        },
        "loc": {
          "start": { "line": 4, "column": 0 },
          "end": { "line": 4, "column": 24 }
        },
        "line": 4
      },
      "4": {
        "name": "get",
        "decl": {
          "start": { "line": 5, "column": 0 },
          "end": { "line": 5, "column": 28 }
        },
        "loc": {
          "start": { "line": 5, "column": 0 },
          "end": { "line": 5, "column": 28 }
        },
        "line": 5
      },
      "5": {
        "name": "get",
        "decl": {
          "start": { "line": 6, "column": 0 },
          "end": { "line": 6, "column": 27 }
        },
        "loc": {
          "start": { "line": 6, "column": 0 },
          "end": { "line": 6, "column": 27 }
        },
        "line": 6
      },
      "6": {
        "name": "get",
        "decl": {
          "start": { "line": 7, "column": 0 },
          "end": { "line": 7, "column": 24 }
        },
        "loc": {
          "start": { "line": 7, "column": 0 },
          "end": { "line": 7, "column": 24 }
        },
        "line": 7
      },
      "7": {
        "name": "get",
        "decl": {
          "start": { "line": 8, "column": 0 },
          "end": { "line": 8, "column": 25 }
        },
        "loc": {
          "start": { "line": 8, "column": 0 },
          "end": { "line": 8, "column": 25 }
        },
        "line": 8
      },
      "8": {
        "name": "get",
        "decl": {
          "start": { "line": 9, "column": 0 },
          "end": { "line": 9, "column": 25 }
        },
        "loc": {
          "start": { "line": 9, "column": 0 },
          "end": { "line": 9, "column": 25 }
        },
        "line": 9
      }
    },
    "f": {
      "0": 5,
      "1": 0,
      "2": 0,
      "3": 0,
      "4": 0,
      "5": 0,
      "6": 0,
      "7": 0,
      "8": 0
    }
  },
  "/Users/stasradyshgmail.com/Desktop/file-sharing-frontend/src/shared/ui/Accordion/Accordion.tsx": {
    "path": "/Users/stasradyshgmail.com/Desktop/file-sharing-frontend/src/shared/ui/Accordion/Accordion.tsx",
    "all": false,
    "statementMap": {
      "0": {
        "start": { "line": 1, "column": 0 },
        "end": { "line": 1, "column": 31 }
      },
      "1": {
        "start": { "line": 2, "column": 0 },
        "end": { "line": 2, "column": 64 }
      },
      "2": {
        "start": { "line": 3, "column": 0 },
        "end": { "line": 3, "column": 43 }
      },
      "3": {
        "start": { "line": 4, "column": 0 },
        "end": { "line": 4, "column": 0 }
      },
      "4": {
        "start": { "line": 5, "column": 0 },
        "end": { "line": 5, "column": 40 }
      },
      "5": {
        "start": { "line": 6, "column": 0 },
        "end": { "line": 6, "column": 0 }
      },
      "6": {
        "start": { "line": 7, "column": 0 },
        "end": { "line": 7, "column": 42 }
      },
      "7": {
        "start": { "line": 8, "column": 0 },
        "end": { "line": 8, "column": 0 }
      },
      "8": {
        "start": { "line": 9, "column": 0 },
        "end": { "line": 9, "column": 39 }
      },
      "9": {
        "start": { "line": 10, "column": 0 },
        "end": { "line": 10, "column": 51 }
      },
      "10": {
        "start": { "line": 11, "column": 0 },
        "end": { "line": 11, "column": 64 }
      },
      "11": {
        "start": { "line": 12, "column": 0 },
        "end": { "line": 12, "column": 37 }
      },
      "12": {
        "start": { "line": 13, "column": 0 },
        "end": { "line": 13, "column": 26 }
      },
      "13": {
        "start": { "line": 14, "column": 0 },
        "end": { "line": 14, "column": 13 }
      },
      "14": {
        "start": { "line": 15, "column": 0 },
        "end": { "line": 15, "column": 41 }
      },
      "15": {
        "start": { "line": 16, "column": 0 },
        "end": { "line": 16, "column": 14 }
      },
      "16": {
        "start": { "line": 17, "column": 0 },
        "end": { "line": 17, "column": 4 }
      },
      "17": {
        "start": { "line": 18, "column": 0 },
        "end": { "line": 18, "column": 3 }
      },
      "18": {
        "start": { "line": 19, "column": 0 },
        "end": { "line": 19, "column": 44 }
      },
      "19": {
        "start": { "line": 20, "column": 0 },
        "end": { "line": 20, "column": 0 }
      },
      "20": {
        "start": { "line": 21, "column": 0 },
        "end": { "line": 21, "column": 42 }
      },
      "21": {
        "start": { "line": 22, "column": 0 },
        "end": { "line": 22, "column": 54 }
      },
      "22": {
        "start": { "line": 23, "column": 0 },
        "end": { "line": 23, "column": 67 }
      },
      "23": {
        "start": { "line": 24, "column": 0 },
        "end": { "line": 24, "column": 47 }
      },
      "24": {
        "start": { "line": 25, "column": 0 },
        "end": { "line": 25, "column": 46 }
      },
      "25": {
        "start": { "line": 26, "column": 0 },
        "end": { "line": 26, "column": 31 }
      },
      "26": {
        "start": { "line": 27, "column": 0 },
        "end": { "line": 27, "column": 15 }
      },
      "27": {
        "start": { "line": 28, "column": 0 },
        "end": { "line": 28, "column": 20 }
      },
      "28": {
        "start": { "line": 29, "column": 0 },
        "end": { "line": 29, "column": 125 }
      },
      "29": {
        "start": { "line": 30, "column": 0 },
        "end": { "line": 30, "column": 18 }
      },
      "30": {
        "start": { "line": 31, "column": 0 },
        "end": { "line": 31, "column": 8 }
      },
      "31": {
        "start": { "line": 32, "column": 0 },
        "end": { "line": 32, "column": 16 }
      },
      "32": {
        "start": { "line": 33, "column": 0 },
        "end": { "line": 33, "column": 5 }
      },
      "33": {
        "start": { "line": 34, "column": 0 },
        "end": { "line": 34, "column": 84 }
      },
      "34": {
        "start": { "line": 35, "column": 0 },
        "end": { "line": 35, "column": 16 }
      },
      "35": {
        "start": { "line": 36, "column": 0 },
        "end": { "line": 36, "column": 33 }
      },
      "36": {
        "start": { "line": 37, "column": 0 },
        "end": { "line": 37, "column": 30 }
      },
      "37": {
        "start": { "line": 38, "column": 0 },
        "end": { "line": 38, "column": 3 }
      },
      "38": {
        "start": { "line": 39, "column": 0 },
        "end": { "line": 39, "column": 70 }
      },
      "39": {
        "start": { "line": 40, "column": 0 },
        "end": { "line": 40, "column": 0 }
      },
      "40": {
        "start": { "line": 41, "column": 0 },
        "end": { "line": 41, "column": 42 }
      },
      "41": {
        "start": { "line": 42, "column": 0 },
        "end": { "line": 42, "column": 54 }
      },
      "42": {
        "start": { "line": 43, "column": 0 },
        "end": { "line": 43, "column": 67 }
      },
      "43": {
        "start": { "line": 44, "column": 0 },
        "end": { "line": 44, "column": 47 }
      },
      "44": {
        "start": { "line": 45, "column": 0 },
        "end": { "line": 45, "column": 29 }
      },
      "45": {
        "start": { "line": 46, "column": 0 },
        "end": { "line": 46, "column": 13 }
      },
      "46": {
        "start": { "line": 47, "column": 0 },
        "end": { "line": 47, "column": 136 }
      },
      "47": {
        "start": { "line": 48, "column": 0 },
        "end": { "line": 48, "column": 14 }
      },
      "48": {
        "start": { "line": 49, "column": 0 },
        "end": { "line": 49, "column": 3 }
      },
      "49": {
        "start": { "line": 50, "column": 0 },
        "end": { "line": 50, "column": 64 }
      },
      "50": {
        "start": { "line": 51, "column": 0 },
        "end": { "line": 51, "column": 31 }
      },
      "51": {
        "start": { "line": 52, "column": 0 },
        "end": { "line": 52, "column": 3 }
      },
      "52": {
        "start": { "line": 53, "column": 0 },
        "end": { "line": 53, "column": 0 }
      },
      "53": {
        "start": { "line": 54, "column": 0 },
        "end": { "line": 54, "column": 70 }
      },
      "54": {
        "start": { "line": 55, "column": 0 },
        "end": { "line": 55, "column": 0 }
      },
      "55": {
        "start": { "line": 56, "column": 0 },
        "end": { "line": 56, "column": 72 }
      }
    },
    "s": {
      "0": 3,
      "1": 3,
      "2": 3,
      "3": 3,
      "4": 3,
      "5": 3,
      "6": 0,
      "7": 0,
      "8": 0,
      "9": 3,
      "10": 3,
      "11": 3,
      "12": 3,
      "13": 3,
      "14": 3,
      "15": 3,
      "16": 3,
      "17": 3,
      "18": 3,
      "19": 3,
      "20": 3,
      "21": 3,
      "22": 3,
      "23": 3,
      "24": 3,
      "25": 3,
      "26": 3,
      "27": 3,
      "28": 3,
      "29": 3,
      "30": 3,
      "31": 3,
      "32": 3,
      "33": 3,
      "34": 6,
      "35": 6,
      "36": 3,
      "37": 0,
      "38": 6,
      "39": 3,
      "40": 6,
      "41": 6,
      "42": 6,
      "43": 108,
      "44": 108,
      "45": 108,
      "46": 3,
      "47": 5,
      "48": 5,
      "49": 5,
      "50": 5,
      "51": 5,
      "52": 5,
      "53": 5,
      "54": 0,
      "55": 3
    },
    "branchMap": {
      "0": {
        "type": "branch",
        "line": 1,
        "loc": {
          "start": { "line": 1, "column": 0 },
          "end": { "line": 56, "column": 72 }
        },
        "locations": [
          {
            "start": { "line": 1, "column": 0 },
            "end": { "line": 56, "column": 72 }
          }
        ]
      },
      "1": {
        "type": "branch",
        "line": 1,
        "loc": {
          "start": { "line": 1, "column": 0 },
          "end": { "line": 56, "column": 72 }
        },
        "locations": [
          {
            "start": { "line": 1, "column": 0 },
            "end": { "line": 56, "column": 72 }
          }
        ]
      },
      "2": {
        "type": "branch",
        "line": 1,
        "loc": {
          "start": { "line": 1, "column": 15 },
          "end": { "line": 11, "column": 13 }
        },
        "locations": [
          {
            "start": { "line": 1, "column": 15 },
            "end": { "line": 11, "column": 13 }
          }
        ]
      },
      "3": {
        "type": "branch",
        "line": 7,
        "loc": {
          "start": { "line": 7, "column": -1 },
          "end": { "line": 10, "column": 50 }
        },
        "locations": [
          {
            "start": { "line": 7, "column": -1 },
            "end": { "line": 10, "column": 50 }
          }
        ]
      },
      "4": {
        "type": "branch",
        "line": 5,
        "loc": {
          "start": { "line": 5, "column": 7 },
          "end": { "line": 5, "column": 40 }
        },
        "locations": [
          {
            "start": { "line": 5, "column": 7 },
            "end": { "line": 5, "column": 40 }
          }
        ]
      },
      "5": {
        "type": "branch",
        "line": 28,
        "loc": {
          "start": { "line": 28, "column": 14 },
          "end": { "line": 34, "column": 44 }
        },
        "locations": [
          {
            "start": { "line": 28, "column": 14 },
            "end": { "line": 34, "column": 44 }
          }
        ]
      },
      "6": {
        "type": "branch",
        "line": 29,
        "loc": {
          "start": { "line": 29, "column": 66 },
          "end": { "line": 29, "column": 78 }
        },
        "locations": [
          {
            "start": { "line": 29, "column": 66 },
            "end": { "line": 29, "column": 78 }
          }
        ]
      },
      "7": {
        "type": "branch",
        "line": 32,
        "loc": {
          "start": { "line": 32, "column": 2 },
          "end": { "line": 34, "column": 37 }
        },
        "locations": [
          {
            "start": { "line": 32, "column": 2 },
            "end": { "line": 34, "column": 37 }
          }
        ]
      },
      "8": {
        "type": "branch",
        "line": 34,
        "loc": {
          "start": { "line": 34, "column": 27 },
          "end": { "line": 34, "column": 30 }
        },
        "locations": [
          {
            "start": { "line": 34, "column": 27 },
            "end": { "line": 34, "column": 30 }
          }
        ]
      },
      "9": {
        "type": "branch",
        "line": 34,
        "loc": {
          "start": { "line": 34, "column": 45 },
          "end": { "line": 47, "column": 130 }
        },
        "locations": [
          {
            "start": { "line": 34, "column": 45 },
            "end": { "line": 47, "column": 130 }
          }
        ]
      },
      "10": {
        "type": "branch",
        "line": 36,
        "loc": {
          "start": { "line": 36, "column": 13 },
          "end": { "line": 39, "column": 20 }
        },
        "locations": [
          {
            "start": { "line": 36, "column": 13 },
            "end": { "line": 39, "column": 20 }
          }
        ]
      },
      "11": {
        "type": "branch",
        "line": 38,
        "loc": {
          "start": { "line": 38, "column": -1 },
          "end": { "line": 39, "column": 20 }
        },
        "locations": [
          {
            "start": { "line": 38, "column": -1 },
            "end": { "line": 39, "column": 20 }
          }
        ]
      },
      "12": {
        "type": "branch",
        "line": 39,
        "loc": {
          "start": { "line": 39, "column": 22 },
          "end": { "line": 39, "column": 46 }
        },
        "locations": [
          {
            "start": { "line": 39, "column": 22 },
            "end": { "line": 39, "column": 46 }
          }
        ]
      },
      "13": {
        "type": "branch",
        "line": 39,
        "loc": {
          "start": { "line": 39, "column": 46 },
          "end": { "line": 41, "column": 29 }
        },
        "locations": [
          {
            "start": { "line": 39, "column": 46 },
            "end": { "line": 41, "column": 29 }
          }
        ]
      },
      "14": {
        "type": "branch",
        "line": 41,
        "loc": {
          "start": { "line": 41, "column": 31 },
          "end": { "line": 42, "column": 4 }
        },
        "locations": [
          {
            "start": { "line": 41, "column": 31 },
            "end": { "line": 42, "column": 4 }
          }
        ]
      },
      "15": {
        "type": "branch",
        "line": 42,
        "loc": {
          "start": { "line": 42, "column": 4 },
          "end": { "line": 43, "column": 39 }
        },
        "locations": [
          {
            "start": { "line": 42, "column": 4 },
            "end": { "line": 43, "column": 39 }
          }
        ]
      },
      "16": {
        "type": "branch",
        "line": 43,
        "loc": {
          "start": { "line": 43, "column": 58 },
          "end": { "line": 47, "column": 82 }
        },
        "locations": [
          {
            "start": { "line": 43, "column": 58 },
            "end": { "line": 47, "column": 82 }
          }
        ]
      },
      "17": {
        "type": "branch",
        "line": 47,
        "loc": {
          "start": { "line": 47, "column": 3 },
          "end": { "line": 47, "column": 9 }
        },
        "locations": [
          {
            "start": { "line": 47, "column": 3 },
            "end": { "line": 47, "column": 9 }
          }
        ]
      },
      "18": {
        "type": "branch",
        "line": 47,
        "loc": {
          "start": { "line": 47, "column": 33 },
          "end": { "line": 47, "column": 65 }
        },
        "locations": [
          {
            "start": { "line": 47, "column": 33 },
            "end": { "line": 47, "column": 65 }
          }
        ]
      },
      "19": {
        "type": "branch",
        "line": 47,
        "loc": {
          "start": { "line": 47, "column": 82 },
          "end": { "line": 47, "column": 124 }
        },
        "locations": [
          {
            "start": { "line": 47, "column": 82 },
            "end": { "line": 47, "column": 124 }
          }
        ]
      },
      "20": {
        "type": "branch",
        "line": 47,
        "loc": {
          "start": { "line": 47, "column": 131 },
          "end": { "line": 56, "column": 56 }
        },
        "locations": [
          {
            "start": { "line": 47, "column": 131 },
            "end": { "line": 56, "column": 56 }
          }
        ]
      },
      "21": {
        "type": "branch",
        "line": 56,
        "loc": {
          "start": { "line": 56, "column": 57 },
          "end": { "line": 56, "column": 72 }
        },
        "locations": [
          {
            "start": { "line": 56, "column": 57 },
            "end": { "line": 56, "column": 72 }
          }
        ]
      }
    },
    "b": {
      "0": [3],
      "1": [3],
      "2": [3],
      "3": [0],
      "4": [7],
      "5": [3],
      "6": [0],
      "7": [3],
      "8": [0],
      "9": [6],
      "10": [3],
      "11": [0],
      "12": [0],
      "13": [3],
      "14": [0],
      "15": [3],
      "16": [108],
      "17": [0],
      "18": [0],
      "19": [3],
      "20": [5],
      "21": [5]
    },
    "fnMap": {
      "0": {
        "name": "Object.<anonymous>",
        "decl": {
          "start": { "line": 1, "column": 0 },
          "end": { "line": 56, "column": 72 }
        },
        "loc": {
          "start": { "line": 1, "column": 0 },
          "end": { "line": 56, "column": 72 }
        },
        "line": 1
      },
      "1": {
        "name": "_typeof",
        "decl": {
          "start": { "line": 1, "column": 15 },
          "end": { "line": 11, "column": 13 }
        },
        "loc": {
          "start": { "line": 1, "column": 15 },
          "end": { "line": 11, "column": 13 }
        },
        "line": 1
      },
      "2": {
        "name": "_typeof",
        "decl": {
          "start": { "line": 5, "column": 7 },
          "end": { "line": 5, "column": 40 }
        },
        "loc": {
          "start": { "line": 5, "column": 7 },
          "end": { "line": 5, "column": 40 }
        },
        "line": 5
      },
      "3": {
        "name": "_typeof",
        "decl": {
          "start": { "line": 7, "column": 1 },
          "end": { "line": 10, "column": 50 }
        },
        "loc": {
          "start": { "line": 7, "column": 1 },
          "end": { "line": 10, "column": 50 }
        },
        "line": 7
      },
      "4": {
        "name": "_getRequireWildcardCache",
        "decl": {
          "start": { "line": 28, "column": 14 },
          "end": { "line": 34, "column": 44 }
        },
        "loc": {
          "start": { "line": 28, "column": 14 },
          "end": { "line": 34, "column": 44 }
        },
        "line": 28
      },
      "5": {
        "name": "_getRequireWildcardCache",
        "decl": {
          "start": { "line": 32, "column": 2 },
          "end": { "line": 34, "column": 37 }
        },
        "loc": {
          "start": { "line": 32, "column": 2 },
          "end": { "line": 34, "column": 37 }
        },
        "line": 32
      },
      "6": {
        "name": "_interopRequireWildcard",
        "decl": {
          "start": { "line": 34, "column": 45 },
          "end": { "line": 47, "column": 130 }
        },
        "loc": {
          "start": { "line": 34, "column": 45 },
          "end": { "line": 47, "column": 130 }
        },
        "line": 34
      },
      "7": {
        "name": "ownKeys",
        "decl": {
          "start": { "line": 47, "column": 131 },
          "end": { "line": 56, "column": 56 }
        },
        "loc": {
          "start": { "line": 47, "column": 131 },
          "end": { "line": 56, "column": 56 }
        },
        "line": 47
      },
      "8": {
        "name": "_objectSpread",
        "decl": {
          "start": { "line": 56, "column": 57 },
          "end": { "line": 56, "column": 72 }
        },
        "loc": {
          "start": { "line": 56, "column": 57 },
          "end": { "line": 56, "column": 72 }
        },
        "line": 56
      }
    },
    "f": {
      "0": 3,
      "1": 3,
      "2": 7,
      "3": 0,
      "4": 3,
      "5": 3,
      "6": 6,
      "7": 5,
      "8": 5
    }
  },
  "/Users/stasradyshgmail.com/Desktop/file-sharing-frontend/src/shared/ui/Accordion/index.ts": {
    "path": "/Users/stasradyshgmail.com/Desktop/file-sharing-frontend/src/shared/ui/Accordion/index.ts",
    "all": false,
    "statementMap": {
      "0": {
        "start": { "line": 1, "column": 0 },
        "end": { "line": 1, "column": 28 }
      }
    },
    "s": { "0": 0 },
    "branchMap": {
      "0": {
        "type": "branch",
        "line": 1,
        "loc": {
          "start": { "line": 1, "column": 0 },
          "end": { "line": 1, "column": 28 }
        },
        "locations": [
          {
            "start": { "line": 1, "column": 0 },
            "end": { "line": 1, "column": 28 }
          }
        ]
      },
      "1": {
        "type": "branch",
        "line": 1,
        "loc": {
          "start": { "line": 1, "column": 0 },
          "end": { "line": 1, "column": 28 }
        },
        "locations": [
          {
            "start": { "line": 1, "column": 0 },
            "end": { "line": 1, "column": 28 }
          }
        ]
      },
      "2": {
        "type": "branch",
        "line": 1,
        "loc": {
          "start": { "line": 1, "column": 0 },
          "end": { "line": 1, "column": 28 }
        },
        "locations": [
          {
            "start": { "line": 1, "column": 0 },
            "end": { "line": 1, "column": 28 }
          }
        ]
      },
      "3": {
        "type": "branch",
        "line": 1,
        "loc": {
          "start": { "line": 1, "column": 0 },
          "end": { "line": 1, "column": 28 }
        },
        "locations": [
          {
            "start": { "line": 1, "column": 0 },
            "end": { "line": 1, "column": 28 }
          }
        ]
      }
    },
    "b": { "0": [8], "1": [0], "2": [0], "3": [0] },
    "fnMap": {
      "0": {
        "name": "get",
        "decl": {
          "start": { "line": 1, "column": 0 },
          "end": { "line": 1, "column": 28 }
        },
        "loc": {
          "start": { "line": 1, "column": 0 },
          "end": { "line": 1, "column": 28 }
        },
        "line": 1
      }
    },
    "f": { "0": 0 }
  },
  "/Users/stasradyshgmail.com/Desktop/file-sharing-frontend/src/shared/ui/Button/Button.tsx": {
    "path": "/Users/stasradyshgmail.com/Desktop/file-sharing-frontend/src/shared/ui/Button/Button.tsx",
    "all": false,
    "statementMap": {
      "0": {
        "start": { "line": 1, "column": 0 },
        "end": { "line": 1, "column": 31 }
      },
      "1": {
        "start": { "line": 2, "column": 0 },
        "end": { "line": 2, "column": 44 }
      },
      "2": {
        "start": { "line": 3, "column": 0 },
        "end": { "line": 3, "column": 61 }
      },
      "3": {
        "start": { "line": 4, "column": 0 },
        "end": { "line": 4, "column": 0 }
      },
      "4": {
        "start": { "line": 5, "column": 0 },
        "end": { "line": 5, "column": 40 }
      },
      "5": {
        "start": { "line": 6, "column": 0 },
        "end": { "line": 6, "column": 0 }
      },
      "6": {
        "start": { "line": 7, "column": 0 },
        "end": { "line": 7, "column": 44 }
      },
      "7": {
        "start": { "line": 8, "column": 0 },
        "end": { "line": 8, "column": 0 }
      },
      "8": {
        "start": { "line": 9, "column": 0 },
        "end": { "line": 9, "column": 28 }
      },
      "9": {
        "start": { "line": 10, "column": 0 },
        "end": { "line": 10, "column": 56 }
      },
      "10": {
        "start": { "line": 11, "column": 0 },
        "end": { "line": 11, "column": 41 }
      },
      "11": {
        "start": { "line": 12, "column": 0 },
        "end": { "line": 12, "column": 20 }
      },
      "12": {
        "start": { "line": 13, "column": 0 },
        "end": { "line": 13, "column": 1 }
      },
      "13": {
        "start": { "line": 14, "column": 0 },
        "end": { "line": 14, "column": 0 }
      },
      "14": {
        "start": { "line": 15, "column": 0 },
        "end": { "line": 15, "column": 64 }
      },
      "15": {
        "start": { "line": 16, "column": 0 },
        "end": { "line": 16, "column": 69 }
      },
      "16": {
        "start": { "line": 17, "column": 0 },
        "end": { "line": 17, "column": 43 }
      },
      "17": {
        "start": { "line": 18, "column": 0 },
        "end": { "line": 18, "column": 12 }
      },
      "18": {
        "start": { "line": 19, "column": 0 },
        "end": { "line": 19, "column": 11 }
      },
      "19": {
        "start": { "line": 20, "column": 0 },
        "end": { "line": 20, "column": 68 }
      },
      "20": {
        "start": { "line": 21, "column": 0 },
        "end": { "line": 21, "column": 17 }
      },
      "21": {
        "start": { "line": 22, "column": 0 },
        "end": { "line": 22, "column": 18 }
      },
      "22": {
        "start": { "line": 23, "column": 0 },
        "end": { "line": 23, "column": 8 }
      },
      "23": {
        "start": { "line": 24, "column": 0 },
        "end": { "line": 24, "column": 6 }
      },
      "24": {
        "start": { "line": 25, "column": 0 },
        "end": { "line": 25, "column": 4 }
      },
      "25": {
        "start": { "line": 26, "column": 0 },
        "end": { "line": 26, "column": 2 }
      },
      "26": {
        "start": { "line": 27, "column": 0 },
        "end": { "line": 27, "column": 30 }
      },
      "27": {
        "start": { "line": 28, "column": 0 },
        "end": { "line": 28, "column": 0 }
      },
      "28": {
        "start": { "line": 29, "column": 0 },
        "end": { "line": 29, "column": 18 }
      }
    },
    "s": {
      "0": 2,
      "1": 2,
      "2": 2,
      "3": 2,
      "4": 2,
      "5": 12,
      "6": 2,
      "7": 0,
      "8": 0,
      "9": 0,
      "10": 2,
      "11": 2,
      "12": 2,
      "13": 2,
      "14": 2,
      "15": 2,
      "16": 2,
      "17": 2,
      "18": 2,
      "19": 2,
      "20": 2,
      "21": 2,
      "22": 2,
      "23": 2,
      "24": 2,
      "25": 2,
      "26": 2,
      "27": 2,
      "28": 2
    },
    "branchMap": {
      "0": {
        "type": "branch",
        "line": 1,
        "loc": {
          "start": { "line": 1, "column": 0 },
          "end": { "line": 29, "column": 18 }
        },
        "locations": [
          {
            "start": { "line": 1, "column": 0 },
            "end": { "line": 29, "column": 18 }
          }
        ]
      },
      "1": {
        "type": "branch",
        "line": 1,
        "loc": {
          "start": { "line": 1, "column": 0 },
          "end": { "line": 29, "column": 18 }
        },
        "locations": [
          {
            "start": { "line": 1, "column": 0 },
            "end": { "line": 29, "column": 18 }
          }
        ]
      },
      "2": {
        "type": "branch",
        "line": 1,
        "loc": {
          "start": { "line": 1, "column": 15 },
          "end": { "line": 11, "column": 19 }
        },
        "locations": [
          {
            "start": { "line": 1, "column": 15 },
            "end": { "line": 11, "column": 19 }
          }
        ]
      },
      "3": {
        "type": "branch",
        "line": 7,
        "loc": {
          "start": { "line": 7, "column": 1 },
          "end": { "line": 11, "column": 4 }
        },
        "locations": [
          {
            "start": { "line": 7, "column": 1 },
            "end": { "line": 11, "column": 4 }
          }
        ]
      },
      "4": {
        "type": "branch",
        "line": 5,
        "loc": {
          "start": { "line": 5, "column": 9 },
          "end": { "line": 7, "column": 0 }
        },
        "locations": [
          {
            "start": { "line": 5, "column": 9 },
            "end": { "line": 7, "column": 0 }
          }
        ]
      },
      "5": {
        "type": "branch",
        "line": 27,
        "loc": {
          "start": { "line": 27, "column": 7 },
          "end": { "line": 29, "column": 18 }
        },
        "locations": [
          {
            "start": { "line": 27, "column": 7 },
            "end": { "line": 29, "column": 18 }
          }
        ]
      }
    },
    "b": { "0": [2], "1": [2], "2": [2], "3": [0], "4": [12], "5": [2] },
    "fnMap": {
      "0": {
        "name": "Object.<anonymous>",
        "decl": {
          "start": { "line": 1, "column": 0 },
          "end": { "line": 29, "column": 18 }
        },
        "loc": {
          "start": { "line": 1, "column": 0 },
          "end": { "line": 29, "column": 18 }
        },
        "line": 1
      },
      "1": {
        "name": "_typeof",
        "decl": {
          "start": { "line": 1, "column": 15 },
          "end": { "line": 11, "column": 19 }
        },
        "loc": {
          "start": { "line": 1, "column": 15 },
          "end": { "line": 11, "column": 19 }
        },
        "line": 1
      },
      "2": {
        "name": "_typeof",
        "decl": {
          "start": { "line": 5, "column": 9 },
          "end": { "line": 7, "column": 0 }
        },
        "loc": {
          "start": { "line": 5, "column": 9 },
          "end": { "line": 7, "column": 0 }
        },
        "line": 5
      },
      "3": {
        "name": "_typeof",
        "decl": {
          "start": { "line": 7, "column": 3 },
          "end": { "line": 11, "column": 4 }
        },
        "loc": {
          "start": { "line": 7, "column": 3 },
          "end": { "line": 11, "column": 4 }
        },
        "line": 7
      },
      "4": {
        "name": "_getRequireWildcardCache",
        "decl": {
          "start": { "line": 27, "column": 7 },
          "end": { "line": 29, "column": 18 }
        },
        "loc": {
          "start": { "line": 27, "column": 7 },
          "end": { "line": 29, "column": 18 }
        },
        "line": 27
      }
    },
    "f": { "0": 2, "1": 2, "2": 12, "3": 0, "4": 2 }
  },
  "/Users/stasradyshgmail.com/Desktop/file-sharing-frontend/src/shared/ui/Button/index.ts": {
    "path": "/Users/stasradyshgmail.com/Desktop/file-sharing-frontend/src/shared/ui/Button/index.ts",
    "all": false,
    "statementMap": {
      "0": {
        "start": { "line": 1, "column": 0 },
        "end": { "line": 1, "column": 25 }
      },
      "1": {
        "start": { "line": 2, "column": 0 },
        "end": { "line": 2, "column": 27 }
      }
    },
    "s": { "0": 5, "1": 0 },
    "branchMap": {
      "0": {
        "type": "branch",
        "line": 1,
        "loc": {
          "start": { "line": 1, "column": 0 },
          "end": { "line": 1, "column": 25 }
        },
        "locations": [
          {
            "start": { "line": 1, "column": 0 },
            "end": { "line": 1, "column": 25 }
          }
        ]
      },
      "1": {
        "type": "branch",
        "line": 1,
        "loc": {
          "start": { "line": 1, "column": 0 },
          "end": { "line": 1, "column": 25 }
        },
        "locations": [
          {
            "start": { "line": 1, "column": 0 },
            "end": { "line": 1, "column": 25 }
          }
        ]
      },
      "2": {
        "type": "branch",
        "line": 1,
        "loc": {
          "start": { "line": 1, "column": 0 },
          "end": { "line": 1, "column": 25 }
        },
        "locations": [
          {
            "start": { "line": 1, "column": 0 },
            "end": { "line": 1, "column": 25 }
          }
        ]
      },
      "3": {
        "type": "branch",
        "line": 1,
        "loc": {
          "start": { "line": 1, "column": 0 },
          "end": { "line": 1, "column": 25 }
        },
        "locations": [
          {
            "start": { "line": 1, "column": 0 },
            "end": { "line": 1, "column": 25 }
          }
        ]
      },
      "4": {
        "type": "branch",
        "line": 1,
        "loc": {
          "start": { "line": 1, "column": 0 },
          "end": { "line": 1, "column": 25 }
        },
        "locations": [
          {
            "start": { "line": 1, "column": 0 },
            "end": { "line": 1, "column": 25 }
          }
        ]
      },
      "5": {
        "type": "branch",
        "line": 2,
        "loc": {
          "start": { "line": 2, "column": 0 },
          "end": { "line": 2, "column": 27 }
        },
        "locations": [
          {
            "start": { "line": 2, "column": 0 },
            "end": { "line": 2, "column": 27 }
          }
        ]
      },
      "6": {
        "type": "branch",
        "line": 2,
        "loc": {
          "start": { "line": 2, "column": 0 },
          "end": { "line": 2, "column": 27 }
        },
        "locations": [
          {
            "start": { "line": 2, "column": 0 },
            "end": { "line": 2, "column": 27 }
          }
        ]
      },
      "7": {
        "type": "branch",
        "line": 2,
        "loc": {
          "start": { "line": 2, "column": 0 },
          "end": { "line": 2, "column": 27 }
        },
        "locations": [
          {
            "start": { "line": 2, "column": 0 },
            "end": { "line": 2, "column": 27 }
          }
        ]
      },
      "8": {
        "type": "branch",
        "line": 2,
        "loc": {
          "start": { "line": 2, "column": 0 },
          "end": { "line": 2, "column": 27 }
        },
        "locations": [
          {
            "start": { "line": 2, "column": 0 },
            "end": { "line": 2, "column": 27 }
          }
        ]
      }
    },
    "b": {
      "0": [2],
      "1": [0],
      "2": [0],
      "3": [0],
      "4": [5],
      "5": [2],
      "6": [0],
      "7": [0],
      "8": [0]
    },
    "fnMap": {
      "0": {
        "name": "get",
        "decl": {
          "start": { "line": 1, "column": 0 },
          "end": { "line": 1, "column": 25 }
        },
        "loc": {
          "start": { "line": 1, "column": 0 },
          "end": { "line": 1, "column": 25 }
        },
        "line": 1
      },
      "1": {
        "name": "get",
        "decl": {
          "start": { "line": 2, "column": 0 },
          "end": { "line": 2, "column": 27 }
        },
        "loc": {
          "start": { "line": 2, "column": 0 },
          "end": { "line": 2, "column": 27 }
        },
        "line": 2
      }
    },
    "f": { "0": 5, "1": 0 }
  },
  "/Users/stasradyshgmail.com/Desktop/file-sharing-frontend/src/shared/ui/Button/variants.ts": {
    "path": "/Users/stasradyshgmail.com/Desktop/file-sharing-frontend/src/shared/ui/Button/variants.ts",
    "all": false,
    "statementMap": {
      "0": {
        "start": { "line": 1, "column": 0 },
        "end": { "line": 1, "column": 47 }
      },
      "1": {
        "start": { "line": 2, "column": 0 },
        "end": { "line": 2, "column": 0 }
      },
      "2": {
        "start": { "line": 3, "column": 0 },
        "end": { "line": 3, "column": 27 }
      },
      "3": {
        "start": { "line": 4, "column": 0 },
        "end": { "line": 4, "column": 283 }
      },
      "4": {
        "start": { "line": 5, "column": 0 },
        "end": { "line": 5, "column": 3 }
      },
      "5": {
        "start": { "line": 6, "column": 0 },
        "end": { "line": 6, "column": 15 }
      },
      "6": {
        "start": { "line": 7, "column": 0 },
        "end": { "line": 7, "column": 16 }
      },
      "7": {
        "start": { "line": 8, "column": 0 },
        "end": { "line": 8, "column": 74 }
      },
      "8": {
        "start": { "line": 9, "column": 0 },
        "end": { "line": 9, "column": 20 }
      },
      "9": {
        "start": { "line": 10, "column": 0 },
        "end": { "line": 10, "column": 79 }
      },
      "10": {
        "start": { "line": 11, "column": 0 },
        "end": { "line": 11, "column": 16 }
      },
      "11": {
        "start": { "line": 12, "column": 0 },
        "end": { "line": 12, "column": 91 }
      },
      "12": {
        "start": { "line": 13, "column": 0 },
        "end": { "line": 13, "column": 18 }
      },
      "13": {
        "start": { "line": 14, "column": 0 },
        "end": { "line": 14, "column": 73 }
      },
      "14": {
        "start": { "line": 15, "column": 0 },
        "end": { "line": 15, "column": 62 }
      },
      "15": {
        "start": { "line": 16, "column": 0 },
        "end": { "line": 16, "column": 64 }
      },
      "16": {
        "start": { "line": 17, "column": 0 },
        "end": { "line": 17, "column": 8 }
      },
      "17": {
        "start": { "line": 18, "column": 0 },
        "end": { "line": 18, "column": 13 }
      },
      "18": {
        "start": { "line": 19, "column": 0 },
        "end": { "line": 19, "column": 34 }
      },
      "19": {
        "start": { "line": 20, "column": 0 },
        "end": { "line": 20, "column": 34 }
      },
      "20": {
        "start": { "line": 21, "column": 0 },
        "end": { "line": 21, "column": 35 }
      },
      "21": {
        "start": { "line": 22, "column": 0 },
        "end": { "line": 22, "column": 26 }
      },
      "22": {
        "start": { "line": 23, "column": 0 },
        "end": { "line": 23, "column": 8 }
      },
      "23": {
        "start": { "line": 24, "column": 0 },
        "end": { "line": 24, "column": 6 }
      },
      "24": {
        "start": { "line": 25, "column": 0 },
        "end": { "line": 25, "column": 22 }
      },
      "25": {
        "start": { "line": 26, "column": 0 },
        "end": { "line": 26, "column": 25 }
      },
      "26": {
        "start": { "line": 27, "column": 0 },
        "end": { "line": 27, "column": 22 }
      },
      "27": {
        "start": { "line": 28, "column": 0 },
        "end": { "line": 28, "column": 6 }
      },
      "28": {
        "start": { "line": 29, "column": 0 },
        "end": { "line": 29, "column": 4 }
      },
      "29": {
        "start": { "line": 30, "column": 0 },
        "end": { "line": 30, "column": 2 }
      },
      "30": {
        "start": { "line": 31, "column": 0 },
        "end": { "line": 31, "column": 0 }
      },
      "31": {
        "start": { "line": 32, "column": 0 },
        "end": { "line": 32, "column": 26 }
      }
    },
    "s": {
      "0": 2,
      "1": 2,
      "2": 2,
      "3": 2,
      "4": 2,
      "5": 2,
      "6": 2,
      "7": 2,
      "8": 2,
      "9": 2,
      "10": 2,
      "11": 2,
      "12": 2,
      "13": 2,
      "14": 2,
      "15": 2,
      "16": 2,
      "17": 2,
      "18": 2,
      "19": 2,
      "20": 2,
      "21": 2,
      "22": 2,
      "23": 2,
      "24": 2,
      "25": 2,
      "26": 2,
      "27": 2,
      "28": 2,
      "29": 2,
      "30": 2,
      "31": 2
    },
    "branchMap": {
      "0": {
        "type": "branch",
        "line": 1,
        "loc": {
          "start": { "line": 1, "column": 0 },
          "end": { "line": 32, "column": 26 }
        },
        "locations": [
          {
            "start": { "line": 1, "column": 0 },
            "end": { "line": 32, "column": 26 }
          }
        ]
      },
      "1": {
        "type": "branch",
        "line": 1,
        "loc": {
          "start": { "line": 1, "column": 0 },
          "end": { "line": 32, "column": 26 }
        },
        "locations": [
          {
            "start": { "line": 1, "column": 0 },
            "end": { "line": 32, "column": 26 }
          }
        ]
      }
    },
    "b": { "0": [2], "1": [2] },
    "fnMap": {
      "0": {
        "name": "Object.<anonymous>",
        "decl": {
          "start": { "line": 1, "column": 0 },
          "end": { "line": 32, "column": 26 }
        },
        "loc": {
          "start": { "line": 1, "column": 0 },
          "end": { "line": 32, "column": 26 }
        },
        "line": 1
      }
    },
    "f": { "0": 2 }
  },
  "/Users/stasradyshgmail.com/Desktop/file-sharing-frontend/src/shared/ui/Checkbox/Checkbox.tsx": {
    "path": "/Users/stasradyshgmail.com/Desktop/file-sharing-frontend/src/shared/ui/Checkbox/Checkbox.tsx",
    "all": false,
    "statementMap": {
      "0": {
        "start": { "line": 1, "column": 0 },
        "end": { "line": 1, "column": 31 }
      },
      "1": {
        "start": { "line": 2, "column": 0 },
        "end": { "line": 2, "column": 62 }
      },
      "2": {
        "start": { "line": 3, "column": 0 },
        "end": { "line": 3, "column": 37 }
      },
      "3": {
        "start": { "line": 4, "column": 0 },
        "end": { "line": 4, "column": 0 }
      },
      "4": {
        "start": { "line": 5, "column": 0 },
        "end": { "line": 5, "column": 40 }
      },
      "5": {
        "start": { "line": 6, "column": 0 },
        "end": { "line": 6, "column": 0 }
      },
      "6": {
        "start": { "line": 7, "column": 0 },
        "end": { "line": 7, "column": 34 }
      },
      "7": {
        "start": { "line": 8, "column": 0 },
        "end": { "line": 8, "column": 50 }
      },
      "8": {
        "start": { "line": 9, "column": 0 },
        "end": { "line": 9, "column": 63 }
      },
      "9": {
        "start": { "line": 10, "column": 0 },
        "end": { "line": 10, "column": 37 }
      },
      "10": {
        "start": { "line": 11, "column": 0 },
        "end": { "line": 11, "column": 25 }
      },
      "11": {
        "start": { "line": 12, "column": 0 },
        "end": { "line": 12, "column": 13 }
      },
      "12": {
        "start": { "line": 13, "column": 0 },
        "end": { "line": 13, "column": 18 }
      },
      "13": {
        "start": { "line": 14, "column": 0 },
        "end": { "line": 14, "column": 311 }
      },
      "14": {
        "start": { "line": 15, "column": 0 },
        "end": { "line": 15, "column": 16 }
      },
      "15": {
        "start": { "line": 16, "column": 0 },
        "end": { "line": 16, "column": 6 }
      },
      "16": {
        "start": { "line": 17, "column": 0 },
        "end": { "line": 17, "column": 14 }
      },
      "17": {
        "start": { "line": 18, "column": 0 },
        "end": { "line": 18, "column": 3 }
      },
      "18": {
        "start": { "line": 19, "column": 0 },
        "end": { "line": 19, "column": 32 }
      },
      "19": {
        "start": { "line": 20, "column": 0 },
        "end": { "line": 20, "column": 69 }
      },
      "20": {
        "start": { "line": 21, "column": 0 },
        "end": { "line": 21, "column": 5 }
      },
      "21": {
        "start": { "line": 22, "column": 0 },
        "end": { "line": 22, "column": 35 }
      },
      "22": {
        "start": { "line": 23, "column": 0 },
        "end": { "line": 23, "column": 34 }
      },
      "23": {
        "start": { "line": 24, "column": 0 },
        "end": { "line": 24, "column": 27 }
      },
      "24": {
        "start": { "line": 25, "column": 0 },
        "end": { "line": 25, "column": 3 }
      },
      "25": {
        "start": { "line": 26, "column": 0 },
        "end": { "line": 26, "column": 58 }
      },
      "26": {
        "start": { "line": 27, "column": 0 },
        "end": { "line": 27, "column": 0 }
      },
      "27": {
        "start": { "line": 28, "column": 0 },
        "end": { "line": 28, "column": 20 }
      }
    },
    "s": {
      "0": 3,
      "1": 3,
      "2": 3,
      "3": 3,
      "4": 3,
      "5": 5,
      "6": 3,
      "7": 0,
      "8": 3,
      "9": 3,
      "10": 3,
      "11": 3,
      "12": 3,
      "13": 3,
      "14": 3,
      "15": 3,
      "16": 3,
      "17": 3,
      "18": 3,
      "19": 3,
      "20": 3,
      "21": 3,
      "22": 3,
      "23": 3,
      "24": 6,
      "25": 6,
      "26": 3,
      "27": 3
    },
    "branchMap": {
      "0": {
        "type": "branch",
        "line": 1,
        "loc": {
          "start": { "line": 1, "column": 0 },
          "end": { "line": 28, "column": 20 }
        },
        "locations": [
          {
            "start": { "line": 1, "column": 0 },
            "end": { "line": 28, "column": 20 }
          }
        ]
      },
      "1": {
        "type": "branch",
        "line": 1,
        "loc": {
          "start": { "line": 1, "column": 0 },
          "end": { "line": 28, "column": 20 }
        },
        "locations": [
          {
            "start": { "line": 1, "column": 0 },
            "end": { "line": 28, "column": 20 }
          }
        ]
      },
      "2": {
        "type": "branch",
        "line": 1,
        "loc": {
          "start": { "line": 1, "column": 15 },
          "end": { "line": 10, "column": 7 }
        },
        "locations": [
          {
            "start": { "line": 1, "column": 15 },
            "end": { "line": 10, "column": 7 }
          }
        ]
      },
      "3": {
        "type": "branch",
        "line": 7,
        "loc": {
          "start": { "line": 7, "column": 7 },
          "end": { "line": 9, "column": 56 }
        },
        "locations": [
          {
            "start": { "line": 7, "column": 7 },
            "end": { "line": 9, "column": 56 }
          }
        ]
      },
      "4": {
        "type": "branch",
        "line": 5,
        "loc": {
          "start": { "line": 5, "column": 15 },
          "end": { "line": 7, "column": 6 }
        },
        "locations": [
          {
            "start": { "line": 5, "column": 15 },
            "end": { "line": 7, "column": 6 }
          }
        ]
      },
      "5": {
        "type": "branch",
        "line": 15,
        "loc": {
          "start": { "line": 15, "column": -1 },
          "end": { "line": 24, "column": 4 }
        },
        "locations": [
          {
            "start": { "line": 15, "column": -1 },
            "end": { "line": 24, "column": 4 }
          }
        ]
      },
      "6": {
        "type": "branch",
        "line": 19,
        "loc": {
          "start": { "line": 19, "column": 29 },
          "end": { "line": 20, "column": 8 }
        },
        "locations": [
          {
            "start": { "line": 19, "column": 29 },
            "end": { "line": 20, "column": 8 }
          }
        ]
      },
      "7": {
        "type": "branch",
        "line": 22,
        "loc": {
          "start": { "line": 22, "column": 10 },
          "end": { "line": 23, "column": 32 }
        },
        "locations": [
          {
            "start": { "line": 22, "column": 10 },
            "end": { "line": 23, "column": 32 }
          }
        ]
      },
      "8": {
        "type": "branch",
        "line": 23,
        "loc": {
          "start": { "line": 23, "column": 22 },
          "end": { "line": 23, "column": 25 }
        },
        "locations": [
          {
            "start": { "line": 23, "column": 22 },
            "end": { "line": 23, "column": 25 }
          }
        ]
      },
      "9": {
        "type": "branch",
        "line": 24,
        "loc": {
          "start": { "line": 24, "column": 5 },
          "end": { "line": 28, "column": 20 }
        },
        "locations": [
          {
            "start": { "line": 24, "column": 5 },
            "end": { "line": 28, "column": 20 }
          }
        ]
      },
      "10": {
        "type": "branch",
        "line": 26,
        "loc": {
          "start": { "line": 26, "column": 43 },
          "end": { "line": 28, "column": 20 }
        },
        "locations": [
          {
            "start": { "line": 26, "column": 43 },
            "end": { "line": 28, "column": 20 }
          }
        ]
      }
    },
    "b": {
      "0": [3],
      "1": [3],
      "2": [3],
      "3": [0],
      "4": [5],
      "5": [3],
      "6": [0],
      "7": [3],
      "8": [0],
      "9": [6],
      "10": [3]
    },
    "fnMap": {
      "0": {
        "name": "Object.<anonymous>",
        "decl": {
          "start": { "line": 1, "column": 0 },
          "end": { "line": 28, "column": 20 }
        },
        "loc": {
          "start": { "line": 1, "column": 0 },
          "end": { "line": 28, "column": 20 }
        },
        "line": 1
      },
      "1": {
        "name": "_typeof",
        "decl": {
          "start": { "line": 1, "column": 15 },
          "end": { "line": 10, "column": 7 }
        },
        "loc": {
          "start": { "line": 1, "column": 15 },
          "end": { "line": 10, "column": 7 }
        },
        "line": 1
      },
      "2": {
        "name": "_typeof",
        "decl": {
          "start": { "line": 5, "column": 15 },
          "end": { "line": 7, "column": 6 }
        },
        "loc": {
          "start": { "line": 5, "column": 15 },
          "end": { "line": 7, "column": 6 }
        },
        "line": 5
      },
      "3": {
        "name": "_typeof",
        "decl": {
          "start": { "line": 7, "column": 9 },
          "end": { "line": 9, "column": 56 }
        },
        "loc": {
          "start": { "line": 7, "column": 9 },
          "end": { "line": 9, "column": 56 }
        },
        "line": 7
      },
      "4": {
        "name": "_getRequireWildcardCache",
        "decl": {
          "start": { "line": 15, "column": -1 },
          "end": { "line": 24, "column": 4 }
        },
        "loc": {
          "start": { "line": 15, "column": -1 },
          "end": { "line": 24, "column": 4 }
        },
        "line": 15
      },
      "5": {
        "name": "_getRequireWildcardCache",
        "decl": {
          "start": { "line": 22, "column": 10 },
          "end": { "line": 23, "column": 32 }
        },
        "loc": {
          "start": { "line": 22, "column": 10 },
          "end": { "line": 23, "column": 32 }
        },
        "line": 22
      },
      "6": {
        "name": "_interopRequireWildcard",
        "decl": {
          "start": { "line": 24, "column": 5 },
          "end": { "line": 28, "column": 20 }
        },
        "loc": {
          "start": { "line": 24, "column": 5 },
          "end": { "line": 28, "column": 20 }
        },
        "line": 24
      }
    },
    "f": { "0": 3, "1": 3, "2": 5, "3": 0, "4": 3, "5": 3, "6": 6 }
  },
  "/Users/stasradyshgmail.com/Desktop/file-sharing-frontend/src/shared/ui/Checkbox/index.ts": {
    "path": "/Users/stasradyshgmail.com/Desktop/file-sharing-frontend/src/shared/ui/Checkbox/index.ts",
    "all": false,
    "statementMap": {
      "0": {
        "start": { "line": 1, "column": 0 },
        "end": { "line": 1, "column": 27 }
      }
    },
    "s": { "0": 0 },
    "branchMap": {
      "0": {
        "type": "branch",
        "line": 1,
        "loc": {
          "start": { "line": 1, "column": 0 },
          "end": { "line": 1, "column": 27 }
        },
        "locations": [
          {
            "start": { "line": 1, "column": 0 },
            "end": { "line": 1, "column": 27 }
          }
        ]
      },
      "1": {
        "type": "branch",
        "line": 1,
        "loc": {
          "start": { "line": 1, "column": 0 },
          "end": { "line": 1, "column": 27 }
        },
        "locations": [
          {
            "start": { "line": 1, "column": 0 },
            "end": { "line": 1, "column": 27 }
          }
        ]
      },
      "2": {
        "type": "branch",
        "line": 1,
        "loc": {
          "start": { "line": 1, "column": 0 },
          "end": { "line": 1, "column": 27 }
        },
        "locations": [
          {
            "start": { "line": 1, "column": 0 },
            "end": { "line": 1, "column": 27 }
          }
        ]
      },
      "3": {
        "type": "branch",
        "line": 1,
        "loc": {
          "start": { "line": 1, "column": 0 },
          "end": { "line": 1, "column": 27 }
        },
        "locations": [
          {
            "start": { "line": 1, "column": 0 },
            "end": { "line": 1, "column": 27 }
          }
        ]
      }
    },
    "b": { "0": [2], "1": [0], "2": [0], "3": [0] },
    "fnMap": {
      "0": {
        "name": "get",
        "decl": {
          "start": { "line": 1, "column": 0 },
          "end": { "line": 1, "column": 27 }
        },
        "loc": {
          "start": { "line": 1, "column": 0 },
          "end": { "line": 1, "column": 27 }
        },
        "line": 1
      }
    },
    "f": { "0": 0 }
  },
  "/Users/stasradyshgmail.com/Desktop/file-sharing-frontend/src/shared/ui/Input/Input.tsx": {
    "path": "/Users/stasradyshgmail.com/Desktop/file-sharing-frontend/src/shared/ui/Input/Input.tsx",
    "all": false,
    "statementMap": {
      "0": {
        "start": { "line": 1, "column": 0 },
        "end": { "line": 1, "column": 31 }
      },
      "1": {
        "start": { "line": 2, "column": 0 },
        "end": { "line": 2, "column": 0 }
      },
      "2": {
        "start": { "line": 3, "column": 0 },
        "end": { "line": 3, "column": 40 }
      },
      "3": {
        "start": { "line": 4, "column": 0 },
        "end": { "line": 4, "column": 0 }
      },
      "4": {
        "start": { "line": 5, "column": 0 },
        "end": { "line": 5, "column": 31 }
      },
      "5": {
        "start": { "line": 6, "column": 0 },
        "end": { "line": 6, "column": 19 }
      },
      "6": {
        "start": { "line": 7, "column": 0 },
        "end": { "line": 7, "column": 45 }
      },
      "7": {
        "start": { "line": 8, "column": 0 },
        "end": { "line": 8, "column": 43 }
      },
      "8": {
        "start": { "line": 9, "column": 0 },
        "end": { "line": 9, "column": 10 }
      },
      "9": {
        "start": { "line": 10, "column": 0 },
        "end": { "line": 10, "column": 10 }
      },
      "10": {
        "start": { "line": 11, "column": 0 },
        "end": { "line": 11, "column": 17 }
      },
      "11": {
        "start": { "line": 12, "column": 0 },
        "end": { "line": 12, "column": 20 }
      },
      "12": {
        "start": { "line": 13, "column": 0 },
        "end": { "line": 13, "column": 380 }
      },
      "13": {
        "start": { "line": 14, "column": 0 },
        "end": { "line": 14, "column": 18 }
      },
      "14": {
        "start": { "line": 15, "column": 0 },
        "end": { "line": 15, "column": 8 }
      },
      "15": {
        "start": { "line": 16, "column": 0 },
        "end": { "line": 16, "column": 15 }
      },
      "16": {
        "start": { "line": 17, "column": 0 },
        "end": { "line": 17, "column": 16 }
      },
      "17": {
        "start": { "line": 18, "column": 0 },
        "end": { "line": 18, "column": 6 }
      },
      "18": {
        "start": { "line": 19, "column": 0 },
        "end": { "line": 19, "column": 4 }
      },
      "19": {
        "start": { "line": 20, "column": 0 },
        "end": { "line": 20, "column": 3 }
      },
      "20": {
        "start": { "line": 21, "column": 0 },
        "end": { "line": 21, "column": 28 }
      },
      "21": {
        "start": { "line": 22, "column": 0 },
        "end": { "line": 22, "column": 0 }
      },
      "22": {
        "start": { "line": 23, "column": 0 },
        "end": { "line": 23, "column": 17 }
      }
    },
    "s": {
      "0": 3,
      "1": 3,
      "2": 3,
      "3": 3,
      "4": 3,
      "5": 3,
      "6": 3,
      "7": 3,
      "8": 0,
      "9": 0,
      "10": 0,
      "11": 0,
      "12": 3,
      "13": 3,
      "14": 3,
      "15": 3,
      "16": 3,
      "17": 3,
      "18": 3,
      "19": 3,
      "20": 3,
      "21": 3,
      "22": 3
    },
    "branchMap": {
      "0": {
        "type": "branch",
        "line": 1,
        "loc": {
          "start": { "line": 1, "column": 0 },
          "end": { "line": 23, "column": 17 }
        },
        "locations": [
          {
            "start": { "line": 1, "column": 0 },
            "end": { "line": 23, "column": 17 }
          }
        ]
      },
      "1": {
        "type": "branch",
        "line": 1,
        "loc": {
          "start": { "line": 1, "column": 0 },
          "end": { "line": 23, "column": 17 }
        },
        "locations": [
          {
            "start": { "line": 1, "column": 0 },
            "end": { "line": 23, "column": 17 }
          }
        ]
      },
      "2": {
        "type": "branch",
        "line": 1,
        "loc": {
          "start": { "line": 1, "column": 15 },
          "end": { "line": 13, "column": 55 }
        },
        "locations": [
          {
            "start": { "line": 1, "column": 15 },
            "end": { "line": 13, "column": 55 }
          }
        ]
      },
      "3": {
        "type": "branch",
        "line": 8,
        "loc": {
          "start": { "line": 8, "column": 10 },
          "end": { "line": 13, "column": 40 }
        },
        "locations": [
          {
            "start": { "line": 8, "column": 10 },
            "end": { "line": 13, "column": 40 }
          }
        ]
      },
      "4": {
        "type": "branch",
        "line": 7,
        "loc": {
          "start": { "line": 7, "column": 22 },
          "end": { "line": 8, "column": 9 }
        },
        "locations": [
          {
            "start": { "line": 7, "column": 22 },
            "end": { "line": 8, "column": 9 }
          }
        ]
      },
      "5": {
        "type": "branch",
        "line": 13,
        "loc": {
          "start": { "line": 13, "column": 331 },
          "end": { "line": 23, "column": 17 }
        },
        "locations": [
          {
            "start": { "line": 13, "column": 331 },
            "end": { "line": 23, "column": 17 }
          }
        ]
      },
      "6": {
        "type": "branch",
        "line": 15,
        "loc": {
          "start": { "line": 15, "column": 4 },
          "end": { "line": 16, "column": 7 }
        },
        "locations": [
          {
            "start": { "line": 15, "column": 4 },
            "end": { "line": 16, "column": 7 }
          }
        ]
      },
      "7": {
        "type": "branch",
        "line": 23,
        "loc": {
          "start": { "line": 23, "column": 6 },
          "end": { "line": 23, "column": 17 }
        },
        "locations": [
          {
            "start": { "line": 23, "column": 6 },
            "end": { "line": 23, "column": 17 }
          }
        ]
      }
    },
    "b": {
      "0": [3],
      "1": [3],
      "2": [3],
      "3": [0],
      "4": [5],
      "5": [3],
      "6": [0],
      "7": [3]
    },
    "fnMap": {
      "0": {
        "name": "Object.<anonymous>",
        "decl": {
          "start": { "line": 1, "column": 0 },
          "end": { "line": 23, "column": 17 }
        },
        "loc": {
          "start": { "line": 1, "column": 0 },
          "end": { "line": 23, "column": 17 }
        },
        "line": 1
      },
      "1": {
        "name": "_typeof",
        "decl": {
          "start": { "line": 1, "column": 15 },
          "end": { "line": 13, "column": 55 }
        },
        "loc": {
          "start": { "line": 1, "column": 15 },
          "end": { "line": 13, "column": 55 }
        },
        "line": 1
      },
      "2": {
        "name": "_typeof",
        "decl": {
          "start": { "line": 7, "column": 22 },
          "end": { "line": 8, "column": 9 }
        },
        "loc": {
          "start": { "line": 7, "column": 22 },
          "end": { "line": 8, "column": 9 }
        },
        "line": 7
      },
      "3": {
        "name": "_typeof",
        "decl": {
          "start": { "line": 8, "column": 12 },
          "end": { "line": 13, "column": 40 }
        },
        "loc": {
          "start": { "line": 8, "column": 12 },
          "end": { "line": 13, "column": 40 }
        },
        "line": 8
      },
      "4": {
        "name": "_getRequireWildcardCache",
        "decl": {
          "start": { "line": 13, "column": 331 },
          "end": { "line": 23, "column": 17 }
        },
        "loc": {
          "start": { "line": 13, "column": 331 },
          "end": { "line": 23, "column": 17 }
        },
        "line": 13
      },
      "5": {
        "name": "_getRequireWildcardCache",
        "decl": {
          "start": { "line": 23, "column": 6 },
          "end": { "line": 23, "column": 17 }
        },
        "loc": {
          "start": { "line": 23, "column": 6 },
          "end": { "line": 23, "column": 17 }
        },
        "line": 23
      }
    },
    "f": { "0": 3, "1": 3, "2": 5, "3": 0, "4": 3, "5": 3 }
  },
  "/Users/stasradyshgmail.com/Desktop/file-sharing-frontend/src/shared/ui/Input/index.ts": {
    "path": "/Users/stasradyshgmail.com/Desktop/file-sharing-frontend/src/shared/ui/Input/index.ts",
    "all": false,
    "statementMap": {
      "0": {
        "start": { "line": 1, "column": 0 },
        "end": { "line": 1, "column": 24 }
      }
    },
    "s": { "0": 0 },
    "branchMap": {
      "0": {
        "type": "branch",
        "line": 1,
        "loc": {
          "start": { "line": 1, "column": 0 },
          "end": { "line": 1, "column": 24 }
        },
        "locations": [
          {
            "start": { "line": 1, "column": 0 },
            "end": { "line": 1, "column": 24 }
          }
        ]
      },
      "1": {
        "type": "branch",
        "line": 1,
        "loc": {
          "start": { "line": 1, "column": 0 },
          "end": { "line": 1, "column": 24 }
        },
        "locations": [
          {
            "start": { "line": 1, "column": 0 },
            "end": { "line": 1, "column": 24 }
          }
        ]
      },
      "2": {
        "type": "branch",
        "line": 1,
        "loc": {
          "start": { "line": 1, "column": 0 },
          "end": { "line": 1, "column": 24 }
        },
        "locations": [
          {
            "start": { "line": 1, "column": 0 },
            "end": { "line": 1, "column": 24 }
          }
        ]
      },
      "3": {
        "type": "branch",
        "line": 1,
        "loc": {
          "start": { "line": 1, "column": 0 },
          "end": { "line": 1, "column": 24 }
        },
        "locations": [
          {
            "start": { "line": 1, "column": 0 },
            "end": { "line": 1, "column": 24 }
          }
        ]
      }
    },
    "b": { "0": [2], "1": [0], "2": [0], "3": [0] },
    "fnMap": {
[...]
        "end": { "line": 150, "column": 14 }
      },
      "150": {
        "start": { "line": 151, "column": 0 },
        "end": { "line": 151, "column": 16 }
      },
      "151": {
        "start": { "line": 152, "column": 0 },
        "end": { "line": 152, "column": 16 }
      },
      "152": {
        "start": { "line": 153, "column": 0 },
        "end": { "line": 153, "column": 14 }
      },
      "153": {
        "start": { "line": 154, "column": 0 },
        "end": { "line": 154, "column": 13 }
      },
      "154": {
        "start": { "line": 155, "column": 0 },
        "end": { "line": 155, "column": 18 }
      },
      "155": {
        "start": { "line": 156, "column": 0 },
        "end": { "line": 156, "column": 23 }
      },
      "156": {
        "start": { "line": 157, "column": 0 },
        "end": { "line": 157, "column": 25 }
      },
      "157": {
        "start": { "line": 158, "column": 0 },
        "end": { "line": 158, "column": 2 }
      }
    },
    "s": {
      "0": 1,
      "1": 1,
      "2": 1,
      "3": 1,
      "4": 1,
      "5": 1,
      "6": 1,
      "7": 1,
      "8": 1,
      "9": 1,
      "10": 1,
      "11": 1,
      "12": 1,
      "13": 1,
      "14": 1,
      "15": 1,
      "16": 0,
      "17": 0,
      "18": 0,
      "19": 0,
      "20": 0,
      "21": 0,
      "22": 0,
      "23": 0,
      "24": 0,
      "25": 0,
      "26": 0,
      "27": 0,
      "28": 0,
      "29": 1,
      "30": 1,
      "31": 1,
      "32": 1,
      "33": 1,
      "34": 1,
      "35": 1,
      "36": 0,
      "37": 0,
      "38": 0,
      "39": 0,
      "40": 0,
      "41": 0,
      "42": 0,
      "43": 0,
      "44": 0,
      "45": 0,
      "46": 1,
      "47": 1,
      "48": 1,
      "49": 1,
      "50": 1,
      "51": 1,
      "52": 1,
      "53": 0,
      "54": 0,
      "55": 0,
      "56": 0,
      "57": 0,
      "58": 0,
      "59": 0,
      "60": 0,
      "61": 0,
      "62": 0,
      "63": 1,
      "64": 1,
      "65": 1,
      "66": 1,
      "67": 1,
      "68": 1,
      "69": 1,
      "70": 1,
      "71": 0,
      "72": 0,
      "73": 0,
      "74": 0,
      "75": 0,
      "76": 0,
      "77": 0,
      "78": 0,
      "79": 0,
      "80": 0,
      "81": 0,
      "82": 0,
      "83": 0,
      "84": 0,
      "85": 0,
      "86": 0,
      "87": 0,
      "88": 0,
      "89": 0,
      "90": 0,
      "91": 0,
      "92": 0,
      "93": 0,
      "94": 0,
      "95": 0,
      "96": 1,
      "97": 1,
      "98": 1,
      "99": 1,
      "100": 1,
      "101": 1,
      "102": 1,
      "103": 0,
      "104": 0,
      "105": 0,
      "106": 0,
      "107": 0,
      "108": 1,
      "109": 1,
      "110": 1,
      "111": 1,
      "112": 1,
      "113": 1,
      "114": 1,
      "115": 0,
      "116": 0,
      "117": 0,
      "118": 0,
      "119": 0,
      "120": 0,
      "121": 0,
      "122": 0,
      "123": 0,
      "124": 0,
      "125": 0,
      "126": 0,
      "127": 0,
      "128": 0,
      "129": 0,
      "130": 0,
      "131": 1,
      "132": 1,
      "133": 1,
      "134": 1,
      "135": 1,
      "136": 1,
      "137": 1,
      "138": 0,
      "139": 0,
      "140": 0,
      "141": 0,
      "142": 0,
      "143": 1,
      "144": 1,
      "145": 1,
      "146": 1,
      "147": 1,
      "148": 1,
      "149": 1,
      "150": 1,
      "151": 1,
      "152": 1,
      "153": 1,
      "154": 1,
      "155": 1,
      "156": 1,
      "157": 1
    },
    "branchMap": {},
    "b": {},
    "fnMap": {},
    "f": {}
  },
  "/Users/stasradyshgmail.com/Desktop/file-sharing-frontend/src/shared/ui/Select/index.ts": {
    "path": "/Users/stasradyshgmail.com/Desktop/file-sharing-frontend/src/shared/ui/Select/index.ts",
    "all": false,
    "statementMap": {
      "0": {
        "start": { "line": 1, "column": 0 },
        "end": { "line": 1, "column": 25 }
      }
    },
    "s": { "0": 0 },
    "branchMap": {
      "0": {
        "type": "branch",
        "line": 1,
        "loc": {
          "start": { "line": 1, "column": 0 },
          "end": { "line": 1, "column": 25 }
        },
        "locations": [
          {
            "start": { "line": 1, "column": 0 },
            "end": { "line": 1, "column": 25 }
          }
        ]
      },
      "1": {
        "type": "branch",
        "line": 1,
        "loc": {
          "start": { "line": 1, "column": 0 },
          "end": { "line": 1, "column": 25 }
        },
        "locations": [
          {
            "start": { "line": 1, "column": 0 },
            "end": { "line": 1, "column": 25 }
          }
        ]
      },
      "2": {
        "type": "branch",
        "line": 1,
        "loc": {
          "start": { "line": 1, "column": 0 },
          "end": { "line": 1, "column": 25 }
        },
        "locations": [
          {
            "start": { "line": 1, "column": 0 },
            "end": { "line": 1, "column": 25 }
          }
        ]
      },
      "3": {
        "type": "branch",
        "line": 1,
        "loc": {
          "start": { "line": 1, "column": 0 },
          "end": { "line": 1, "column": 25 }
        },
        "locations": [
          {
            "start": { "line": 1, "column": 0 },
            "end": { "line": 1, "column": 25 }
          }
        ]
      }
    },
    "b": { "0": [20], "1": [0], "2": [0], "3": [0] },
    "fnMap": {
      "0": {
        "name": "get",
        "decl": {
          "start": { "line": 1, "column": 0 },
          "end": { "line": 1, "column": 25 }
        },
        "loc": {
          "start": { "line": 1, "column": 0 },
          "end": { "line": 1, "column": 25 }
        },
        "line": 1
      }
    },
    "f": { "0": 0 }
  },
  "/Users/stasradyshgmail.com/Desktop/file-sharing-frontend/src/shared/ui/Sonner/Sonner.tsx": {
    "path": "/Users/stasradyshgmail.com/Desktop/file-sharing-frontend/src/shared/ui/Sonner/Sonner.tsx",
    "all": false,
    "statementMap": {
      "0": {
        "start": { "line": 1, "column": 0 },
        "end": { "line": 1, "column": 39 }
      },
      "1": {
        "start": { "line": 2, "column": 0 },
        "end": { "line": 2, "column": 43 }
      },
      "2": {
        "start": { "line": 3, "column": 0 },
        "end": { "line": 3, "column": 0 }
      },
      "3": {
        "start": { "line": 4, "column": 0 },
        "end": { "line": 4, "column": 56 }
      },
      "4": {
        "start": { "line": 5, "column": 0 },
        "end": { "line": 5, "column": 0 }
      },
      "5": {
        "start": { "line": 6, "column": 0 },
        "end": { "line": 6, "column": 49 }
      },
      "6": {
        "start": { "line": 7, "column": 0 },
        "end": { "line": 7, "column": 42 }
      },
      "7": {
        "start": { "line": 8, "column": 0 },
        "end": { "line": 8, "column": 0 }
      },
      "8": {
        "start": { "line": 9, "column": 0 },
        "end": { "line": 9, "column": 10 }
      },
      "9": {
        "start": { "line": 10, "column": 0 },
        "end": { "line": 10, "column": 11 }
      },
      "10": {
        "start": { "line": 11, "column": 0 },
        "end": { "line": 11, "column": 44 }
      },
      "11": {
        "start": { "line": 12, "column": 0 },
        "end": { "line": 12, "column": 31 }
      },
      "12": {
        "start": { "line": 13, "column": 0 },
        "end": { "line": 13, "column": 21 }
      },
      "13": {
        "start": { "line": 14, "column": 0 },
        "end": { "line": 14, "column": 21 }
      },
      "14": {
        "start": { "line": 15, "column": 0 },
        "end": { "line": 15, "column": 16 }
      },
      "15": {
        "start": { "line": 16, "column": 0 },
        "end": { "line": 16, "column": 148 }
      },
      "16": {
        "start": { "line": 17, "column": 0 },
        "end": { "line": 17, "column": 62 }
      },
      "17": {
        "start": { "line": 18, "column": 0 },
        "end": { "line": 18, "column": 23 }
      },
      "18": {
        "start": { "line": 19, "column": 0 },
        "end": { "line": 19, "column": 79 }
      },
      "19": {
        "start": { "line": 20, "column": 0 },
        "end": { "line": 20, "column": 23 }
      },
      "20": {
        "start": { "line": 21, "column": 0 },
        "end": { "line": 21, "column": 75 }
      },
      "21": {
        "start": { "line": 22, "column": 0 },
        "end": { "line": 22, "column": 10 }
      },
      "22": {
        "start": { "line": 23, "column": 0 },
        "end": { "line": 23, "column": 8 }
      },
      "23": {
        "start": { "line": 24, "column": 0 },
        "end": { "line": 24, "column": 16 }
      },
      "24": {
        "start": { "line": 25, "column": 0 },
        "end": { "line": 25, "column": 6 }
      },
      "25": {
        "start": { "line": 26, "column": 0 },
        "end": { "line": 26, "column": 4 }
      },
      "26": {
        "start": { "line": 27, "column": 0 },
        "end": { "line": 27, "column": 2 }
      },
      "27": {
        "start": { "line": 28, "column": 0 },
        "end": { "line": 28, "column": 0 }
      },
      "28": {
        "start": { "line": 29, "column": 0 },
        "end": { "line": 29, "column": 19 }
      }
    },
    "s": {
      "0": 1,
      "1": 1,
      "2": 1,
      "3": 1,
      "4": 1,
      "5": 1,
      "6": 0,
      "7": 0,
      "8": 0,
      "9": 0,
      "10": 0,
      "11": 0,
      "12": 0,
      "13": 0,
      "14": 0,
      "15": 0,
      "16": 0,
      "17": 0,
      "18": 0,
      "19": 0,
      "20": 0,
      "21": 0,
      "22": 0,
      "23": 0,
      "24": 0,
      "25": 0,
      "26": 0,
      "27": 1,
      "28": 1
    },
    "branchMap": {},
    "b": {},
    "fnMap": {
      "0": {
        "name": "Toaster",
        "decl": {
          "start": { "line": 6, "column": 16 },
          "end": { "line": 27, "column": 2 }
        },
        "loc": {
          "start": { "line": 6, "column": 16 },
          "end": { "line": 27, "column": 2 }
        },
        "line": 6
      }
    },
    "f": { "0": 0 }
  },
  "/Users/stasradyshgmail.com/Desktop/file-sharing-frontend/src/shared/ui/Sonner/index.ts": {
    "path": "/Users/stasradyshgmail.com/Desktop/file-sharing-frontend/src/shared/ui/Sonner/index.ts",
    "all": false,
    "statementMap": {
      "0": {
        "start": { "line": 1, "column": 0 },
        "end": { "line": 1, "column": 25 }
      }
    },
    "s": { "0": 0 },
    "branchMap": {
      "0": {
        "type": "branch",
        "line": 1,
        "loc": {
          "start": { "line": 1, "column": 0 },
          "end": { "line": 1, "column": 25 }
        },
        "locations": [
          {
            "start": { "line": 1, "column": 0 },
            "end": { "line": 1, "column": 25 }
          }
        ]
      },
      "1": {
        "type": "branch",
        "line": 1,
        "loc": {
          "start": { "line": 1, "column": 0 },
          "end": { "line": 1, "column": 25 }
        },
        "locations": [
          {
            "start": { "line": 1, "column": 0 },
            "end": { "line": 1, "column": 25 }
          }
        ]
      },
      "2": {
        "type": "branch",
        "line": 1,
        "loc": {
          "start": { "line": 1, "column": 0 },
          "end": { "line": 1, "column": 25 }
        },
        "locations": [
          {
            "start": { "line": 1, "column": 0 },
            "end": { "line": 1, "column": 25 }
          }
        ]
      },
      "3": {
        "type": "branch",
        "line": 1,
        "loc": {
          "start": { "line": 1, "column": 0 },
          "end": { "line": 1, "column": 25 }
        },
        "locations": [
          {
            "start": { "line": 1, "column": 0 },
            "end": { "line": 1, "column": 25 }
          }
        ]
      }
    },
    "b": { "0": [2], "1": [0], "2": [0], "3": [0] },
    "fnMap": {
      "0": {
        "name": "get",
        "decl": {
          "start": { "line": 1, "column": 0 },
          "end": { "line": 1, "column": 25 }
        },
        "loc": {
          "start": { "line": 1, "column": 0 },
          "end": { "line": 1, "column": 25 }
        },
        "line": 1
      }
    },
    "f": { "0": 0 }
  },
  "/Users/stasradyshgmail.com/Desktop/file-sharing-frontend/src/widgets/footer/ui/Footer/Footer.tsx": {
    "path": "/Users/stasradyshgmail.com/Desktop/file-sharing-frontend/src/widgets/footer/ui/Footer/Footer.tsx",
    "all": false,
    "statementMap": {
      "0": {
        "start": { "line": 1, "column": 0 },
        "end": { "line": 1, "column": 37 }
      },
      "1": {
        "start": { "line": 2, "column": 0 },
        "end": { "line": 2, "column": 27 }
      },
      "2": {
        "start": { "line": 3, "column": 0 },
        "end": { "line": 3, "column": 40 }
      },
      "3": {
        "start": { "line": 4, "column": 0 },
        "end": { "line": 4, "column": 0 }
      },
      "4": {
        "start": { "line": 5, "column": 0 },
        "end": { "line": 5, "column": 27 }
      },
      "5": {
        "start": { "line": 6, "column": 0 },
        "end": { "line": 6, "column": 0 }
      },
      "6": {
        "start": { "line": 7, "column": 0 },
        "end": { "line": 7, "column": 40 }
      },
      "7": {
        "start": { "line": 8, "column": 0 },
        "end": { "line": 8, "column": 10 }
      },
      "8": {
        "start": { "line": 9, "column": 0 },
        "end": { "line": 9, "column": 36 }
      },
      "9": {
        "start": { "line": 10, "column": 0 },
        "end": { "line": 10, "column": 73 }
      },
      "10": {
        "start": { "line": 11, "column": 0 },
        "end": { "line": 11, "column": 39 }
      },
      "11": {
        "start": { "line": 12, "column": 0 },
        "end": { "line": 12, "column": 36 }
      },
      "12": {
        "start": { "line": 13, "column": 0 },
        "end": { "line": 13, "column": 17 }
      },
      "13": {
        "start": { "line": 14, "column": 0 },
        "end": { "line": 14, "column": 0 }
      },
      "14": {
        "start": { "line": 15, "column": 0 },
        "end": { "line": 15, "column": 54 }
      },
      "15": {
        "start": { "line": 16, "column": 0 },
        "end": { "line": 16, "column": 0 }
      },
      "16": {
        "start": { "line": 17, "column": 0 },
        "end": { "line": 17, "column": 39 }
      },
      "17": {
        "start": { "line": 18, "column": 0 },
        "end": { "line": 18, "column": 34 }
      },
      "18": {
        "start": { "line": 19, "column": 0 },
        "end": { "line": 19, "column": 17 }
      },
      "19": {
        "start": { "line": 20, "column": 0 },
        "end": { "line": 20, "column": 12 }
      },
      "20": {
        "start": { "line": 21, "column": 0 },
        "end": { "line": 21, "column": 13 }
      },
      "21": {
        "start": { "line": 22, "column": 0 },
        "end": { "line": 22, "column": 4 }
      },
      "22": {
        "start": { "line": 23, "column": 0 },
        "end": { "line": 23, "column": 2 }
      },
      "23": {
        "start": { "line": 24, "column": 0 },
        "end": { "line": 24, "column": 0 }
      },
      "24": {
        "start": { "line": 25, "column": 0 },
        "end": { "line": 25, "column": 18 }
      }
    },
    "s": {
      "0": 1,
      "1": 1,
      "2": 1,
      "3": 1,
      "4": 1,
      "5": 1,
      "6": 1,
      "7": 2,
      "8": 2,
      "9": 2,
      "10": 2,
      "11": 2,
      "12": 2,
      "13": 2,
      "14": 2,
      "15": 2,
      "16": 2,
      "17": 2,
      "18": 2,
      "19": 2,
      "20": 2,
      "21": 2,
      "22": 2,
      "23": 1,
      "24": 1
    },
    "branchMap": {
      "0": {
        "type": "branch",
        "line": 7,
        "loc": {
          "start": { "line": 7, "column": 33 },
          "end": { "line": 23, "column": 2 }
        },
        "locations": [
          {
            "start": { "line": 7, "column": 33 },
            "end": { "line": 23, "column": 2 }
          }
        ]
      }
    },
    "b": { "0": [2] },
    "fnMap": {
      "0": {
        "name": "Footer",
        "decl": {
          "start": { "line": 7, "column": 33 },
          "end": { "line": 23, "column": 2 }
        },
        "loc": {
          "start": { "line": 7, "column": 33 },
          "end": { "line": 23, "column": 2 }
        },
        "line": 7
      }
    },
    "f": { "0": 2 }
  },
  "/Users/stasradyshgmail.com/Desktop/file-sharing-frontend/src/widgets/header/ui/Header/Header.tsx": {
    "path": "/Users/stasradyshgmail.com/Desktop/file-sharing-frontend/src/widgets/header/ui/Header/Header.tsx",
    "all": false,
    "statementMap": {
      "0": {
        "start": { "line": 1, "column": 0 },
        "end": { "line": 1, "column": 37 }
      },
      "1": {
        "start": { "line": 2, "column": 0 },
        "end": { "line": 2, "column": 27 }
      },
      "2": {
        "start": { "line": 3, "column": 0 },
        "end": { "line": 3, "column": 40 }
      },
      "3": {
        "start": { "line": 4, "column": 0 },
        "end": { "line": 4, "column": 0 }
      },
      "4": {
        "start": { "line": 5, "column": 0 },
        "end": { "line": 5, "column": 27 }
      },
      "5": {
        "start": { "line": 6, "column": 0 },
        "end": { "line": 6, "column": 0 }
      },
      "6": {
        "start": { "line": 7, "column": 0 },
        "end": { "line": 7, "column": 40 }
      },
      "7": {
        "start": { "line": 8, "column": 0 },
        "end": { "line": 8, "column": 10 }
      },
      "8": {
        "start": { "line": 9, "column": 0 },
        "end": { "line": 9, "column": 36 }
      },
      "9": {
        "start": { "line": 10, "column": 0 },
        "end": { "line": 10, "column": 73 }
      },
      "10": {
        "start": { "line": 11, "column": 0 },
        "end": { "line": 11, "column": 39 }
      },
      "11": {
        "start": { "line": 12, "column": 0 },
        "end": { "line": 12, "column": 34 }
      },
      "12": {
        "start": { "line": 13, "column": 0 },
        "end": { "line": 13, "column": 17 }
      },
      "13": {
        "start": { "line": 14, "column": 0 },
        "end": { "line": 14, "column": 0 }
      },
      "14": {
        "start": { "line": 15, "column": 0 },
        "end": { "line": 15, "column": 23 }
      },
      "15": {
        "start": { "line": 16, "column": 0 },
        "end": { "line": 16, "column": 12 }
      },
      "16": {
        "start": { "line": 17, "column": 0 },
        "end": { "line": 17, "column": 13 }
      },
      "17": {
        "start": { "line": 18, "column": 0 },
        "end": { "line": 18, "column": 4 }
      },
      "18": {
        "start": { "line": 19, "column": 0 },
        "end": { "line": 19, "column": 2 }
      },
      "19": {
        "start": { "line": 20, "column": 0 },
        "end": { "line": 20, "column": 0 }
      },
      "20": {
        "start": { "line": 21, "column": 0 },
        "end": { "line": 21, "column": 18 }
      }
    },
    "s": {
      "0": 1,
      "1": 1,
      "2": 1,
      "3": 1,
      "4": 1,
      "5": 1,
      "6": 1,
      "7": 1,
      "8": 1,
      "9": 1,
      "10": 1,
      "11": 1,
      "12": 1,
      "13": 1,
      "14": 1,
      "15": 1,
      "16": 1,
      "17": 1,
      "18": 1,
      "19": 1,
      "20": 1
    },
    "branchMap": {
      "0": {
        "type": "branch",
        "line": 7,
        "loc": {
          "start": { "line": 7, "column": 33 },
          "end": { "line": 19, "column": 2 }
        },
        "locations": [
          {
            "start": { "line": 7, "column": 33 },
            "end": { "line": 19, "column": 2 }
          }
        ]
      }
    },
    "b": { "0": [1] },
    "fnMap": {
      "0": {
        "name": "Header",
        "decl": {
          "start": { "line": 7, "column": 33 },
          "end": { "line": 19, "column": 2 }
        },
        "loc": {
          "start": { "line": 7, "column": 33 },
          "end": { "line": 19, "column": 2 }
        },
        "line": 7
      }
    },
    "f": { "0": 1 }
  }
}
