TN:
SF:src/shared/lib/utils.ts
FN:1,Object.<anonymous>
FNF:1
FNH:1
FNDA:3,Object.<anonymous>
DA:1,3
DA:2,3
DA:3,3
DA:4,3
DA:5,3
DA:6,3
LF:6
LH:6
BRDA:1,0,0,3
BRDA:1,1,0,3
BRF:2
BRH:2
end_of_record
TN:
SF:src/shared/ui/index.ts
FN:1,get
FN:2,get
FN:3,get
FN:4,get
FN:5,get
FN:6,get
FN:7,get
FN:8,get
FN:9,get
FNF:9
FNH:1
FNDA:5,get
FNDA:0,get
FNDA:0,get
FNDA:0,get
FNDA:0,get
FNDA:0,get
FNDA:0,get
FNDA:0,get
FNDA:0,get
DA:1,5
DA:2,0
DA:3,0
DA:4,0
DA:5,0
DA:6,0
DA:7,0
DA:8,0
DA:9,0
LF:9
LH:1
BRDA:1,0,0,4
BRDA:1,1,0,0
BRDA:1,2,0,0
BRDA:1,3,0,0
BRDA:1,4,0,5
BRDA:2,5,0,20
BRDA:2,6,0,0
BRDA:2,7,0,0
BRDA:2,8,0,0
BRDA:3,9,0,2
BRDA:3,10,0,0
BRDA:3,11,0,0
BRDA:3,12,0,0
BRDA:4,13,0,2
BRDA:4,14,0,0
BRDA:4,15,0,0
BRDA:4,16,0,0
BRDA:5,17,0,8
BRDA:5,18,0,0
BRDA:5,19,0,0
BRDA:5,20,0,0
BRDA:6,21,0,2
BRDA:6,22,0,0
BRDA:6,23,0,0
BRDA:6,24,0,0
BRDA:7,25,0,2
BRDA:7,26,0,0
BRDA:7,27,0,0
BRDA:7,28,0,0
BRDA:8,29,0,2
BRDA:8,30,0,0
BRDA:8,31,0,0
BRDA:8,32,0,0
BRDA:9,33,0,2
BRDA:9,34,0,0
BRDA:9,35,0,0
BRDA:9,36,0,0
BRF:37
BRH:10
end_of_record
TN:
SF:src/shared/ui/Accordion/Accordion.tsx
FN:1,Object.<anonymous>
FN:1,_typeof
FN:5,_typeof
FN:7,_typeof
FN:28,_getRequireWildcardCache
FN:32,_getRequireWildcardCache
FN:34,_interopRequireWildcard
FN:47,ownKeys
FN:56,_objectSpread
FNF:9
FNH:8
FNDA:3,Object.<anonymous>
FNDA:3,_typeof
FNDA:7,_typeof
FNDA:0,_typeof
FNDA:3,_getRequireWildcardCache
FNDA:3,_getRequireWildcardCache
FNDA:6,_interopRequireWildcard
FNDA:5,ownKeys
FNDA:5,_objectSpread
DA:1,3
DA:2,3
DA:3,3
DA:4,3
DA:5,3
DA:6,3
DA:7,0
DA:8,0
DA:9,0
DA:10,3
DA:11,3
DA:12,3
DA:13,3
DA:14,3
DA:15,3
DA:16,3
DA:17,3
DA:18,3
DA:19,3
DA:20,3
DA:21,3
DA:22,3
DA:23,3
DA:24,3
DA:25,3
DA:26,3
DA:27,3
DA:28,3
DA:29,3
DA:30,3
DA:31,3
DA:32,3
DA:33,3
DA:34,3
DA:35,6
DA:36,6
DA:37,3
DA:38,0
DA:39,6
DA:40,3
DA:41,6
DA:42,6
DA:43,6
DA:44,108
DA:45,108
DA:46,108
DA:47,3
DA:48,5
DA:49,5
DA:50,5
DA:51,5
DA:52,5
DA:53,5
DA:54,5
DA:55,0
DA:56,3
LF:56
LH:51
BRDA:1,0,0,3
BRDA:1,1,0,3
BRDA:1,2,0,3
BRDA:7,3,0,0
BRDA:5,4,0,7
BRDA:28,5,0,3
BRDA:29,6,0,0
BRDA:32,7,0,3
BRDA:34,8,0,0
BRDA:34,9,0,6
BRDA:36,10,0,3
BRDA:38,11,0,0
BRDA:39,12,0,0
BRDA:39,13,0,3
BRDA:41,14,0,0
BRDA:42,15,0,3
BRDA:43,16,0,108
BRDA:47,17,0,0
BRDA:47,18,0,0
BRDA:47,19,0,3
BRDA:47,20,0,5
BRDA:56,21,0,5
BRF:22
BRH:14
end_of_record
TN:
SF:src/shared/ui/Accordion/index.ts
FN:1,get
FNF:1
FNH:0
FNDA:0,get
DA:1,0
LF:1
LH:0
BRDA:1,0,0,8
BRDA:1,1,0,0
BRDA:1,2,0,0
BRDA:1,3,0,0
BRF:4
BRH:1
end_of_record
TN:
SF:src/shared/ui/Button/Button.tsx
FN:1,Object.<anonymous>
FN:1,_typeof
FN:5,_typeof
FN:7,_typeof
FN:27,_getRequireWildcardCache
FNF:5
FNH:4
FNDA:2,Object.<anonymous>
FNDA:2,_typeof
FNDA:12,_typeof
FNDA:0,_typeof
FNDA:2,_getRequireWildcardCache
DA:1,2
DA:2,2
DA:3,2
DA:4,2
DA:5,2
DA:6,12
DA:7,2
DA:8,0
DA:9,0
DA:10,0
DA:11,2
DA:12,2
DA:13,2
DA:14,2
DA:15,2
DA:16,2
DA:17,2
DA:18,2
DA:19,2
DA:20,2
DA:21,2
DA:22,2
DA:23,2
DA:24,2
DA:25,2
DA:26,2
DA:27,2
DA:28,2
DA:29,2
LF:29
LH:26
BRDA:1,0,0,2
BRDA:1,1,0,2
BRDA:1,2,0,2
BRDA:7,3,0,0
BRDA:5,4,0,12
BRDA:27,5,0,2
BRF:6
BRH:5
end_of_record
TN:
SF:src/shared/ui/Button/index.ts
FN:1,get
FN:2,get
FNF:2
FNH:1
FNDA:5,get
FNDA:0,get
DA:1,5
DA:2,0
LF:2
LH:1
BRDA:1,0,0,2
BRDA:1,1,0,0
BRDA:1,2,0,0
BRDA:1,3,0,0
BRDA:1,4,0,5
BRDA:2,5,0,2
BRDA:2,6,0,0
BRDA:2,7,0,0
BRDA:2,8,0,0
BRF:9
BRH:3
end_of_record
TN:
SF:src/shared/ui/Button/variants.ts
FN:1,Object.<anonymous>
FNF:1
FNH:1
FNDA:2,Object.<anonymous>
DA:1,2
DA:2,2
DA:3,2
DA:4,2
DA:5,2
DA:6,2
DA:7,2
DA:8,2
DA:9,2
DA:10,2
DA:11,2
DA:12,2
DA:13,2
DA:14,2
DA:15,2
DA:16,2
DA:17,2
DA:18,2
DA:19,2
DA:20,2
DA:21,2
DA:22,2
DA:23,2
DA:24,2
DA:25,2
DA:26,2
DA:27,2
DA:28,2
DA:29,2
DA:30,2
DA:31,2
DA:32,2
LF:32
LH:32
BRDA:1,0,0,2
BRDA:1,1,0,2
BRF:2
BRH:2
end_of_record
TN:
SF:src/shared/ui/Checkbox/Checkbox.tsx
FN:1,Object.<anonymous>
FN:1,_typeof
FN:5,_typeof
FN:7,_typeof
FN:15,_getRequireWildcardCache
FN:22,_getRequireWildcardCache
FN:24,_interopRequireWildcard
FNF:7
FNH:6
FNDA:3,Object.<anonymous>
FNDA:3,_typeof
FNDA:5,_typeof
FNDA:0,_typeof
FNDA:3,_getRequireWildcardCache
FNDA:3,_getRequireWildcardCache
FNDA:6,_interopRequireWildcard
DA:1,3
DA:2,3
DA:3,3
DA:4,3
DA:5,3
DA:6,5
DA:7,3
DA:8,0
DA:9,3
DA:10,3
DA:11,3
DA:12,3
DA:13,3
DA:14,3
DA:15,3
DA:16,3
DA:17,3
DA:18,3
DA:19,3
DA:20,3
DA:21,3
DA:22,3
DA:23,3
DA:24,3
DA:25,6
DA:26,6
DA:27,3
DA:28,3
LF:28
LH:27
BRDA:1,0,0,3
BRDA:1,1,0,3
BRDA:1,2,0,3
BRDA:7,3,0,0
BRDA:5,4,0,5
BRDA:15,5,0,3
BRDA:19,6,0,0
BRDA:22,7,0,3
BRDA:23,8,0,0
BRDA:24,9,0,6
BRDA:26,10,0,3
BRF:11
BRH:8
end_of_record
TN:
SF:src/shared/ui/Checkbox/index.ts
FN:1,get
FNF:1
FNH:0
FNDA:0,get
DA:1,0
LF:1
LH:0
BRDA:1,0,0,2
BRDA:1,1,0,0
BRDA:1,2,0,0
BRDA:1,3,0,0
BRF:4
BRH:1
end_of_record
TN:
SF:src/shared/ui/Input/Input.tsx
FN:1,Object.<anonymous>
FN:1,_typeof
FN:7,_typeof
FN:8,_typeof
FN:13,_getRequireWildcardCache
FN:23,_getRequireWildcardCache
FNF:6
FNH:5
FNDA:3,Object.<anonymous>
FNDA:3,_typeof
FNDA:5,_typeof
FNDA:0,_typeof
FNDA:3,_getRequireWildcardCache
FNDA:3,_getRequireWildcardCache
DA:1,3
DA:2,3
DA:3,3
DA:4,3
DA:5,3
DA:6,3
DA:7,3
DA:8,3
DA:9,0
DA:10,0
DA:11,0
DA:12,0
DA:13,3
DA:14,3
DA:15,3
DA:16,3
DA:17,3
DA:18,3
DA:19,3
DA:20,3
DA:21,3
DA:22,3
DA:23,3
LF:23
LH:19
BRDA:1,0,0,3
BRDA:1,1,0,3
BRDA:1,2,0,3
BRDA:8,3,0,0
BRDA:7,4,0,5
BRDA:13,5,0,3
BRDA:15,6,0,0
BRDA:23,7,0,3
BRF:8
BRH:6
end_of_record
TN:
SF:src/shared/ui/Input/index.ts
FN:1,get
FNF:1
FNH:0
FNDA:0,get
DA:1,0
LF:1
LH:0
BRDA:1,0,0,2
BRDA:1,1,0,0
BRDA:1,2,0,0
BRDA:1,3,0,0
BRF:4
BRH:1
end_of_record
TN:
SF:src/shared/ui/Label/Label.tsx
FNF:0
FNH:0
DA:1,1
DA:2,1
DA:3,1
DA:4,1
DA:5,1
DA:6,1
DA:7,1
DA:8,1
DA:9,1
DA:10,1
DA:11,1
DA:12,1
DA:13,1
DA:14,1
DA:15,1
DA:16,0
DA:17,0
DA:18,0
DA:19,0
DA:20,0
DA:21,1
DA:22,1
DA:23,1
DA:24,1
LF:24
LH:19
BRF:0
BRH:0
end_of_record
TN:
SF:src/shared/ui/Label/index.ts
FN:1,get
FNF:1
FNH:0
FNDA:0,get
DA:1,0
LF:1
LH:0
BRDA:1,0,0,2
BRDA:1,1,0,0
BRDA:1,2,0,0
BRDA:1,3,0,0
BRF:4
BRH:1
end_of_record
TN:
SF:src/shared/ui/Layout/Layout.tsx
FN:10,Layout
FNF:1
FNH:0
FNDA:0,Layout
DA:1,1
DA:2,1
DA:3,1
DA:4,1
DA:5,1
DA:6,1
DA:7,1
DA:8,1
DA:9,1
DA:10,1
DA:11,0
DA:12,0
DA:13,0
DA:14,0
DA:15,0
DA:16,0
DA:17,0
DA:18,0
DA:19,0
DA:20,0
DA:21,0
DA:22,0
DA:23,0
DA:24,0
DA:25,0
DA:26,0
DA:27,1
DA:28,1
LF:28
LH:12
BRF:0
BRH:0
end_of_record
TN:
SF:src/shared/ui/Layout/index.ts
FN:1,get
FNF:1
FNH:0
FNDA:0,get
DA:1,0
LF:1
LH:0
BRDA:1,0,0,2
BRDA:1,1,0,0
BRDA:1,2,0,0
BRDA:1,3,0,0
BRF:4
BRH:1
end_of_record
TN:
SF:src/shared/ui/Progress/Progress.tsx
FN:1,Object.<anonymous>
FN:1,_typeof
FN:6,_typeof
FN:7,_typeof
FN:22,_getRequireWildcardCache
FNF:5
FNH:4
FNDA:2,Object.<anonymous>
FNDA:2,_typeof
FNDA:2,_typeof
FNDA:0,_typeof
FNDA:2,_getRequireWildcardCache
DA:1,2
DA:2,2
DA:3,2
DA:4,2
DA:5,2
DA:6,2
DA:7,2
DA:8,0
DA:9,2
DA:10,2
DA:11,2
DA:12,2
DA:13,2
DA:14,2
DA:15,2
DA:16,2
DA:17,2
DA:18,2
DA:19,2
DA:20,2
DA:21,2
DA:22,2
DA:23,2
DA:24,2
DA:25,2
DA:26,2
LF:26
LH:25
BRDA:1,0,0,2
BRDA:1,1,0,2
BRDA:1,2,0,2
BRDA:7,3,0,0
BRDA:6,4,0,2
BRDA:22,5,0,2
BRDA:26,6,0,0
BRF:7
BRH:5
end_of_record
TN:
SF:src/shared/ui/Progress/index.ts
FN:1,get
FNF:1
FNH:0
FNDA:0,get
DA:1,0
LF:1
LH:0
BRDA:1,0,0,2
BRDA:1,1,0,0
BRDA:1,2,0,0
BRDA:1,3,0,0
BRF:4
BRH:1
end_of_record
TN:
SF:src/shared/ui/Select/Select.tsx
FNF:0
FNH:0
DA:1,1
DA:2,1
DA:3,1
DA:4,1
DA:5,1
DA:6,1
DA:7,1
DA:8,1
DA:9,1
DA:10,1
DA:11,1
DA:12,1
DA:13,1
DA:14,1
DA:15,1
DA:16,1
DA:17,0
DA:18,0
DA:19,0
DA:20,0
DA:21,0
DA:22,0
DA:23,0
DA:24,0
DA:25,0
DA:26,0
DA:27,0
DA:28,0
DA:29,0
DA:30,1
DA:31,1
DA:32,1
DA:33,1
DA:34,1
DA:35,1
DA:36,1
DA:37,0
DA:38,0
DA:39,0
DA:40,0
DA:41,0
DA:42,0
DA:43,0
DA:44,0
DA:45,0
DA:46,0
DA:47,1
DA:48,1
DA:49,1
DA:50,1
DA:51,1
DA:52,1
DA:53,1
DA:54,0
DA:55,0
DA:56,0
DA:57,0
DA:58,0
DA:59,0
DA:60,0
DA:61,0
DA:62,0
DA:63,0
DA:64,1
DA:65,1
DA:66,1
DA:67,1
DA:68,1
DA:69,1
DA:70,1
DA:71,1
DA:72,0
DA:73,0
DA:74,0
DA:75,0
DA:76,0
DA:77,0
DA:78,0
DA:79,0
DA:80,0
DA:81,0
DA:82,0
DA:83,0
DA:84,0
DA:85,0
DA:86,0
DA:87,0
DA:88,0
DA:89,0
DA:90,0
DA:91,0
DA:92,0
DA:93,0
DA:94,0
DA:95,0
DA:96,0
DA:97,1
DA:98,1
DA:99,1
DA:100,1
DA:101,1
DA:102,1
DA:103,1
DA:104,0
DA:105,0
DA:106,0
DA:107,0
DA:108,0
DA:109,1
DA:110,1
DA:111,1
DA:112,1
DA:113,1
DA:114,1
DA:115,1
DA:116,0
DA:117,0
DA:118,0
DA:119,0
DA:120,0
DA:121,0
DA:122,0
DA:123,0
DA:124,0
DA:125,0
DA:126,0
DA:127,0
DA:128,0
DA:129,0
DA:130,0
DA:131,0
DA:132,1
DA:133,1
DA:134,1
DA:135,1
DA:136,1
DA:137,1
DA:138,1
DA:139,0
DA:140,0
DA:141,0
DA:142,0
DA:143,0
DA:144,1
DA:145,1
DA:146,1
DA:147,1
DA:148,1
DA:149,1
DA:150,1
DA:151,1
DA:152,1
DA:153,1
DA:154,1
DA:155,1
DA:156,1
DA:157,1
DA:158,1
LF:158
LH:74
BRF:0
BRH:0
end_of_record
TN:
SF:src/shared/ui/Select/index.ts
FN:1,get
FNF:1
FNH:0
FNDA:0,get
DA:1,0
LF:1
LH:0
BRDA:1,0,0,20
BRDA:1,1,0,0
BRDA:1,2,0,0
BRDA:1,3,0,0
BRF:4
BRH:1
end_of_record
TN:
SF:src/shared/ui/Sonner/Sonner.tsx
FN:6,Toaster
FNF:1
FNH:0
FNDA:0,Toaster
DA:1,1
DA:2,1
DA:3,1
DA:4,1
DA:5,1
DA:6,1
DA:7,0
DA:8,0
DA:9,0
DA:10,0
DA:11,0
DA:12,0
DA:13,0
DA:14,0
DA:15,0
DA:16,0
DA:17,0
DA:18,0
DA:19,0
DA:20,0
DA:21,0
DA:22,0
DA:23,0
DA:24,0
DA:25,0
DA:26,0
DA:27,0
DA:28,1
DA:29,1
LF:29
LH:8
BRF:0
BRH:0
end_of_record
TN:
SF:src/shared/ui/Sonner/index.ts
FN:1,get
FNF:1
FNH:0
FNDA:0,get
DA:1,0
LF:1
LH:0
BRDA:1,0,0,2
BRDA:1,1,0,0
BRDA:1,2,0,0
BRDA:1,3,0,0
BRF:4
BRH:1
end_of_record
TN:
SF:src/widgets/footer/ui/Footer/Footer.tsx
FN:7,Footer
FNF:1
FNH:1
FNDA:2,Footer
DA:1,1
DA:2,1
DA:3,1
DA:4,1
DA:5,1
DA:6,1
DA:7,1
DA:8,2
DA:9,2
DA:10,2
DA:11,2
DA:12,2
DA:13,2
DA:14,2
DA:15,2
DA:16,2
DA:17,2
DA:18,2
DA:19,2
DA:20,2
DA:21,2
DA:22,2
DA:23,2
DA:24,1
DA:25,1
LF:25
LH:25
BRDA:7,0,0,2
BRF:1
BRH:1
end_of_record
TN:
SF:src/widgets/header/ui/Header/Header.tsx
FN:7,Header
FNF:1
FNH:1
FNDA:1,Header
DA:1,1
DA:2,1
DA:3,1
DA:4,1
DA:5,1
DA:6,1
DA:7,1
DA:8,1
DA:9,1
DA:10,1
DA:11,1
DA:12,1
DA:13,1
DA:14,1
DA:15,1
DA:16,1
DA:17,1
DA:18,1
DA:19,1
DA:20,1
DA:21,1
LF:21
LH:21
BRDA:7,0,0,1
BRF:1
BRH:1
end_of_record
